<?xml version="1.0" encoding="UTF-8"?>
<!-- Generated by org.testng.reporters.JUnitXMLReporter -->
<testsuite ignored="0" hostname="DESKTOP-RFC9575" failures="35" tests="71" name="Default test" time="280.313" errors="0" timestamp="2022-10-04T22:11:02 WIB">
  <testcase classname="io.cucumber.testng.AbstractTestNGCucumberTests" name="runScenario" time="7.641"/>
  <testcase classname="io.cucumber.testng.AbstractTestNGCucumberTests" name="runScenario" time="2.382">
    <failure type="java.lang.AssertionError" message="expected [Alamanda] but found [ADIT TEST]">
      <![CDATA[java.lang.AssertionError: expected [Alamanda] but found [ADIT TEST]
at org.testng.Assert.fail(Assert.java:110)
at org.testng.Assert.failNotEquals(Assert.java:1413)
at org.testng.Assert.assertEqualsImpl(Assert.java:149)
at org.testng.Assert.assertEquals(Assert.java:131)
at org.testng.Assert.assertEquals(Assert.java:655)
at org.testng.Assert.assertEquals(Assert.java:665)
at cucumber.framework.runner.siloam.ttddigital.TestTTDPageKombinasiEmpat.siloam115_validasi_data_tersimpan_dan_form_ter_update(TestTTDPageKombinasiEmpat.java:127)
at ✽.Siloam115 Validasi Data tersimpan dan form ter-update(file:///C:/Users/NEXSOFT/Documents/Project/TA_SQA/JuaraCoding/Alamanda/TA-SQUAD-ACF/TA-SQUAD-ACF/src/test/resources/features/siloam/115UpdateDataSalesEmpatKombinasi.feature:16)
]]>
    </failure>
  </testcase> <!-- runScenario -->
  <testcase classname="io.cucumber.testng.AbstractTestNGCucumberTests" name="runScenario" time="2.347">
    <failure type="java.lang.AssertionError" message="expected [Alamanda] but found [ADIT TEST]">
      <![CDATA[java.lang.AssertionError: expected [Alamanda] but found [ADIT TEST]
at org.testng.Assert.fail(Assert.java:110)
at org.testng.Assert.failNotEquals(Assert.java:1413)
at org.testng.Assert.assertEqualsImpl(Assert.java:149)
at org.testng.Assert.assertEquals(Assert.java:131)
at org.testng.Assert.assertEquals(Assert.java:655)
at org.testng.Assert.assertEquals(Assert.java:665)
at cucumber.framework.runner.siloam.ttddigital.TestTTDPageKombinasiEmpat.siloam115_validasi_data_tersimpan_dan_form_ter_update(TestTTDPageKombinasiEmpat.java:127)
at ✽.Siloam115 Validasi Data tersimpan dan form ter-update(file:///C:/Users/NEXSOFT/Documents/Project/TA_SQA/JuaraCoding/Alamanda/TA-SQUAD-ACF/TA-SQUAD-ACF/src/test/resources/features/siloam/115UpdateDataSalesEmpatKombinasi.feature:16)
]]>
    </failure>
  </testcase> <!-- runScenario -->
  <testcase classname="io.cucumber.testng.AbstractTestNGCucumberTests" name="runScenario" time="2.121">
    <failure type="java.lang.AssertionError" message="expected [Alamanda] but found [ADIT TEST]">
      <![CDATA[java.lang.AssertionError: expected [Alamanda] but found [ADIT TEST]
at org.testng.Assert.fail(Assert.java:110)
at org.testng.Assert.failNotEquals(Assert.java:1413)
at org.testng.Assert.assertEqualsImpl(Assert.java:149)
at org.testng.Assert.assertEquals(Assert.java:131)
at org.testng.Assert.assertEquals(Assert.java:655)
at org.testng.Assert.assertEquals(Assert.java:665)
at cucumber.framework.runner.siloam.ttddigital.TestTTDPageKombinasiEmpat.siloam115_validasi_data_tersimpan_dan_form_ter_update(TestTTDPageKombinasiEmpat.java:127)
at ✽.Siloam115 Validasi Data tersimpan dan form ter-update(file:///C:/Users/NEXSOFT/Documents/Project/TA_SQA/JuaraCoding/Alamanda/TA-SQUAD-ACF/TA-SQUAD-ACF/src/test/resources/features/siloam/115UpdateDataSalesEmpatKombinasi.feature:16)
]]>
    </failure>
  </testcase> <!-- runScenario -->
  <testcase classname="io.cucumber.testng.AbstractTestNGCucumberTests" name="runScenario" time="2.122">
    <failure type="java.lang.AssertionError" message="expected [Alamanda] but found [ADIT TEST]">
      <![CDATA[java.lang.AssertionError: expected [Alamanda] but found [ADIT TEST]
at org.testng.Assert.fail(Assert.java:110)
at org.testng.Assert.failNotEquals(Assert.java:1413)
at org.testng.Assert.assertEqualsImpl(Assert.java:149)
at org.testng.Assert.assertEquals(Assert.java:131)
at org.testng.Assert.assertEquals(Assert.java:655)
at org.testng.Assert.assertEquals(Assert.java:665)
at cucumber.framework.runner.siloam.ttddigital.TestTTDPageKombinasiEmpat.siloam115_validasi_data_tersimpan_dan_form_ter_update(TestTTDPageKombinasiEmpat.java:127)
at ✽.Siloam115 Validasi Data tersimpan dan form ter-update(file:///C:/Users/NEXSOFT/Documents/Project/TA_SQA/JuaraCoding/Alamanda/TA-SQUAD-ACF/TA-SQUAD-ACF/src/test/resources/features/siloam/115UpdateDataSalesEmpatKombinasi.feature:16)
]]>
    </failure>
  </testcase> <!-- runScenario -->
  <testcase classname="io.cucumber.testng.AbstractTestNGCucumberTests" name="runScenario" time="2.859">
    <failure type="java.lang.AssertionError" message="expected [Alamanda] but found [ADIT TEST]">
      <![CDATA[java.lang.AssertionError: expected [Alamanda] but found [ADIT TEST]
at org.testng.Assert.fail(Assert.java:110)
at org.testng.Assert.failNotEquals(Assert.java:1413)
at org.testng.Assert.assertEqualsImpl(Assert.java:149)
at org.testng.Assert.assertEquals(Assert.java:131)
at org.testng.Assert.assertEquals(Assert.java:655)
at org.testng.Assert.assertEquals(Assert.java:665)
at cucumber.framework.runner.siloam.ttddigital.TestTTDPageKombinasiEmpat.siloam115_validasi_data_tersimpan_dan_form_ter_update(TestTTDPageKombinasiEmpat.java:127)
at ✽.Siloam115 Validasi Data tersimpan dan form ter-update(file:///C:/Users/NEXSOFT/Documents/Project/TA_SQA/JuaraCoding/Alamanda/TA-SQUAD-ACF/TA-SQUAD-ACF/src/test/resources/features/siloam/115UpdateDataSalesEmpatKombinasi.feature:16)
]]>
    </failure>
  </testcase> <!-- runScenario -->
  <testcase classname="io.cucumber.testng.AbstractTestNGCucumberTests" name="runScenario" time="2.353">
    <failure type="java.lang.AssertionError" message="expected [Alamanda] but found [ADIT TEST]">
      <![CDATA[java.lang.AssertionError: expected [Alamanda] but found [ADIT TEST]
at org.testng.Assert.fail(Assert.java:110)
at org.testng.Assert.failNotEquals(Assert.java:1413)
at org.testng.Assert.assertEqualsImpl(Assert.java:149)
at org.testng.Assert.assertEquals(Assert.java:131)
at org.testng.Assert.assertEquals(Assert.java:655)
at org.testng.Assert.assertEquals(Assert.java:665)
at cucumber.framework.runner.siloam.ttddigital.TestTTDPageKombinasiEmpat.siloam115_validasi_data_tersimpan_dan_form_ter_update(TestTTDPageKombinasiEmpat.java:127)
at ✽.Siloam115 Validasi Data tersimpan dan form ter-update(file:///C:/Users/NEXSOFT/Documents/Project/TA_SQA/JuaraCoding/Alamanda/TA-SQUAD-ACF/TA-SQUAD-ACF/src/test/resources/features/siloam/115UpdateDataSalesEmpatKombinasi.feature:16)
]]>
    </failure>
  </testcase> <!-- runScenario -->
  <testcase classname="io.cucumber.testng.AbstractTestNGCucumberTests" name="runScenario" time="2.103">
    <failure type="java.lang.AssertionError" message="expected [Alamanda] but found [ADIT TEST]">
      <![CDATA[java.lang.AssertionError: expected [Alamanda] but found [ADIT TEST]
at org.testng.Assert.fail(Assert.java:110)
at org.testng.Assert.failNotEquals(Assert.java:1413)
at org.testng.Assert.assertEqualsImpl(Assert.java:149)
at org.testng.Assert.assertEquals(Assert.java:131)
at org.testng.Assert.assertEquals(Assert.java:655)
at org.testng.Assert.assertEquals(Assert.java:665)
at cucumber.framework.runner.siloam.ttddigital.TestTTDPageKombinasiEmpat.siloam115_validasi_data_tersimpan_dan_form_ter_update(TestTTDPageKombinasiEmpat.java:127)
at ✽.Siloam115 Validasi Data tersimpan dan form ter-update(file:///C:/Users/NEXSOFT/Documents/Project/TA_SQA/JuaraCoding/Alamanda/TA-SQUAD-ACF/TA-SQUAD-ACF/src/test/resources/features/siloam/115UpdateDataSalesEmpatKombinasi.feature:16)
]]>
    </failure>
  </testcase> <!-- runScenario -->
  <testcase classname="io.cucumber.testng.AbstractTestNGCucumberTests" name="runScenario" time="2.248">
    <failure type="java.lang.AssertionError" message="expected [Alamanda] but found [ADIT TEST]">
      <![CDATA[java.lang.AssertionError: expected [Alamanda] but found [ADIT TEST]
at org.testng.Assert.fail(Assert.java:110)
at org.testng.Assert.failNotEquals(Assert.java:1413)
at org.testng.Assert.assertEqualsImpl(Assert.java:149)
at org.testng.Assert.assertEquals(Assert.java:131)
at org.testng.Assert.assertEquals(Assert.java:655)
at org.testng.Assert.assertEquals(Assert.java:665)
at cucumber.framework.runner.siloam.ttddigital.TestTTDPageKombinasiEmpat.siloam115_validasi_data_tersimpan_dan_form_ter_update(TestTTDPageKombinasiEmpat.java:127)
at ✽.Siloam115 Validasi Data tersimpan dan form ter-update(file:///C:/Users/NEXSOFT/Documents/Project/TA_SQA/JuaraCoding/Alamanda/TA-SQUAD-ACF/TA-SQUAD-ACF/src/test/resources/features/siloam/115UpdateDataSalesEmpatKombinasi.feature:16)
]]>
    </failure>
  </testcase> <!-- runScenario -->
  <testcase classname="io.cucumber.testng.AbstractTestNGCucumberTests" name="runScenario" time="2.05">
    <failure type="java.lang.AssertionError" message="expected [Alamanda] but found [ADIT TEST]">
      <![CDATA[java.lang.AssertionError: expected [Alamanda] but found [ADIT TEST]
at org.testng.Assert.fail(Assert.java:110)
at org.testng.Assert.failNotEquals(Assert.java:1413)
at org.testng.Assert.assertEqualsImpl(Assert.java:149)
at org.testng.Assert.assertEquals(Assert.java:131)
at org.testng.Assert.assertEquals(Assert.java:655)
at org.testng.Assert.assertEquals(Assert.java:665)
at cucumber.framework.runner.siloam.ttddigital.TestTTDPageKombinasiEmpat.siloam115_validasi_data_tersimpan_dan_form_ter_update(TestTTDPageKombinasiEmpat.java:127)
at ✽.Siloam115 Validasi Data tersimpan dan form ter-update(file:///C:/Users/NEXSOFT/Documents/Project/TA_SQA/JuaraCoding/Alamanda/TA-SQUAD-ACF/TA-SQUAD-ACF/src/test/resources/features/siloam/115UpdateDataSalesEmpatKombinasi.feature:16)
]]>
    </failure>
  </testcase> <!-- runScenario -->
  <testcase classname="io.cucumber.testng.AbstractTestNGCucumberTests" name="runScenario" time="2.187">
    <failure type="java.lang.AssertionError" message="expected [Alamanda] but found [ADIT TEST]">
      <![CDATA[java.lang.AssertionError: expected [Alamanda] but found [ADIT TEST]
at org.testng.Assert.fail(Assert.java:110)
at org.testng.Assert.failNotEquals(Assert.java:1413)
at org.testng.Assert.assertEqualsImpl(Assert.java:149)
at org.testng.Assert.assertEquals(Assert.java:131)
at org.testng.Assert.assertEquals(Assert.java:655)
at org.testng.Assert.assertEquals(Assert.java:665)
at cucumber.framework.runner.siloam.ttddigital.TestTTDPageKombinasiEmpat.siloam115_validasi_data_tersimpan_dan_form_ter_update(TestTTDPageKombinasiEmpat.java:127)
at ✽.Siloam115 Validasi Data tersimpan dan form ter-update(file:///C:/Users/NEXSOFT/Documents/Project/TA_SQA/JuaraCoding/Alamanda/TA-SQUAD-ACF/TA-SQUAD-ACF/src/test/resources/features/siloam/115UpdateDataSalesEmpatKombinasi.feature:16)
]]>
    </failure>
  </testcase> <!-- runScenario -->
  <testcase classname="io.cucumber.testng.AbstractTestNGCucumberTests" name="runScenario" time="2.665">
    <failure type="java.lang.AssertionError" message="expected [Alamanda] but found [ADIT TEST]">
      <![CDATA[java.lang.AssertionError: expected [Alamanda] but found [ADIT TEST]
at org.testng.Assert.fail(Assert.java:110)
at org.testng.Assert.failNotEquals(Assert.java:1413)
at org.testng.Assert.assertEqualsImpl(Assert.java:149)
at org.testng.Assert.assertEquals(Assert.java:131)
at org.testng.Assert.assertEquals(Assert.java:655)
at org.testng.Assert.assertEquals(Assert.java:665)
at cucumber.framework.runner.siloam.ttddigital.TestTTDPageKombinasiEmpat.siloam115_validasi_data_tersimpan_dan_form_ter_update(TestTTDPageKombinasiEmpat.java:127)
at ✽.Siloam115 Validasi Data tersimpan dan form ter-update(file:///C:/Users/NEXSOFT/Documents/Project/TA_SQA/JuaraCoding/Alamanda/TA-SQUAD-ACF/TA-SQUAD-ACF/src/test/resources/features/siloam/115UpdateDataSalesEmpatKombinasi.feature:16)
]]>
    </failure>
  </testcase> <!-- runScenario -->
  <testcase classname="io.cucumber.testng.AbstractTestNGCucumberTests" name="runScenario" time="3.14">
    <failure type="java.lang.AssertionError" message="expected [Alamanda] but found [ADIT TEST]">
      <![CDATA[java.lang.AssertionError: expected [Alamanda] but found [ADIT TEST]
at org.testng.Assert.fail(Assert.java:110)
at org.testng.Assert.failNotEquals(Assert.java:1413)
at org.testng.Assert.assertEqualsImpl(Assert.java:149)
at org.testng.Assert.assertEquals(Assert.java:131)
at org.testng.Assert.assertEquals(Assert.java:655)
at org.testng.Assert.assertEquals(Assert.java:665)
at cucumber.framework.runner.siloam.ttddigital.TestTTDPageKombinasiEmpat.siloam115_validasi_data_tersimpan_dan_form_ter_update(TestTTDPageKombinasiEmpat.java:127)
at ✽.Siloam115 Validasi Data tersimpan dan form ter-update(file:///C:/Users/NEXSOFT/Documents/Project/TA_SQA/JuaraCoding/Alamanda/TA-SQUAD-ACF/TA-SQUAD-ACF/src/test/resources/features/siloam/115UpdateDataSalesEmpatKombinasi.feature:16)
]]>
    </failure>
  </testcase> <!-- runScenario -->
  <testcase classname="io.cucumber.testng.AbstractTestNGCucumberTests" name="runScenario" time="3.41">
    <failure type="java.lang.AssertionError" message="expected [Alamanda] but found [ADIT TEST]">
      <![CDATA[java.lang.AssertionError: expected [Alamanda] but found [ADIT TEST]
at org.testng.Assert.fail(Assert.java:110)
at org.testng.Assert.failNotEquals(Assert.java:1413)
at org.testng.Assert.assertEqualsImpl(Assert.java:149)
at org.testng.Assert.assertEquals(Assert.java:131)
at org.testng.Assert.assertEquals(Assert.java:655)
at org.testng.Assert.assertEquals(Assert.java:665)
at cucumber.framework.runner.siloam.ttddigital.TestTTDPageKombinasiEmpat.siloam115_validasi_data_tersimpan_dan_form_ter_update(TestTTDPageKombinasiEmpat.java:127)
at ✽.Siloam115 Validasi Data tersimpan dan form ter-update(file:///C:/Users/NEXSOFT/Documents/Project/TA_SQA/JuaraCoding/Alamanda/TA-SQUAD-ACF/TA-SQUAD-ACF/src/test/resources/features/siloam/115UpdateDataSalesEmpatKombinasi.feature:16)
]]>
    </failure>
  </testcase> <!-- runScenario -->
  <testcase classname="io.cucumber.testng.AbstractTestNGCucumberTests" name="runScenario" time="2.804">
    <failure type="java.lang.AssertionError" message="expected [Alamanda] but found [ADIT TEST]">
      <![CDATA[java.lang.AssertionError: expected [Alamanda] but found [ADIT TEST]
at org.testng.Assert.fail(Assert.java:110)
at org.testng.Assert.failNotEquals(Assert.java:1413)
at org.testng.Assert.assertEqualsImpl(Assert.java:149)
at org.testng.Assert.assertEquals(Assert.java:131)
at org.testng.Assert.assertEquals(Assert.java:655)
at org.testng.Assert.assertEquals(Assert.java:665)
at cucumber.framework.runner.siloam.ttddigital.TestTTDPageKombinasiEmpat.siloam115_validasi_data_tersimpan_dan_form_ter_update(TestTTDPageKombinasiEmpat.java:127)
at ✽.Siloam115 Validasi Data tersimpan dan form ter-update(file:///C:/Users/NEXSOFT/Documents/Project/TA_SQA/JuaraCoding/Alamanda/TA-SQUAD-ACF/TA-SQUAD-ACF/src/test/resources/features/siloam/115UpdateDataSalesEmpatKombinasi.feature:16)
]]>
    </failure>
  </testcase> <!-- runScenario -->
  <testcase classname="io.cucumber.testng.AbstractTestNGCucumberTests" name="runScenario" time="3.934">
    <failure type="java.lang.AssertionError" message="expected [Alamanda] but found [ADIT TEST]">
      <![CDATA[java.lang.AssertionError: expected [Alamanda] but found [ADIT TEST]
at org.testng.Assert.fail(Assert.java:110)
at org.testng.Assert.failNotEquals(Assert.java:1413)
at org.testng.Assert.assertEqualsImpl(Assert.java:149)
at org.testng.Assert.assertEquals(Assert.java:131)
at org.testng.Assert.assertEquals(Assert.java:655)
at org.testng.Assert.assertEquals(Assert.java:665)
at cucumber.framework.runner.siloam.ttddigital.TestTTDPageKombinasiEmpat.siloam115_validasi_data_tersimpan_dan_form_ter_update(TestTTDPageKombinasiEmpat.java:127)
at ✽.Siloam115 Validasi Data tersimpan dan form ter-update(file:///C:/Users/NEXSOFT/Documents/Project/TA_SQA/JuaraCoding/Alamanda/TA-SQUAD-ACF/TA-SQUAD-ACF/src/test/resources/features/siloam/115UpdateDataSalesEmpatKombinasi.feature:16)
]]>
    </failure>
  </testcase> <!-- runScenario -->
  <testcase classname="io.cucumber.testng.AbstractTestNGCucumberTests" name="runScenario" time="6.238">
    <failure type="java.lang.AssertionError" message="expected [Alamanda] but found [ADIT TEST]">
      <![CDATA[java.lang.AssertionError: expected [Alamanda] but found [ADIT TEST]
at org.testng.Assert.fail(Assert.java:110)
at org.testng.Assert.failNotEquals(Assert.java:1413)
at org.testng.Assert.assertEqualsImpl(Assert.java:149)
at org.testng.Assert.assertEquals(Assert.java:131)
at org.testng.Assert.assertEquals(Assert.java:655)
at org.testng.Assert.assertEquals(Assert.java:665)
at cucumber.framework.runner.siloam.ttddigital.TestTTDPageKombinasiEmpat.siloam115_validasi_data_tersimpan_dan_form_ter_update(TestTTDPageKombinasiEmpat.java:127)
at ✽.Siloam115 Validasi Data tersimpan dan form ter-update(file:///C:/Users/NEXSOFT/Documents/Project/TA_SQA/JuaraCoding/Alamanda/TA-SQUAD-ACF/TA-SQUAD-ACF/src/test/resources/features/siloam/115UpdateDataSalesEmpatKombinasi.feature:16)
]]>
    </failure>
  </testcase> <!-- runScenario -->
  <testcase classname="io.cucumber.testng.AbstractTestNGCucumberTests" name="runScenario" time="2.284">
    <failure type="java.lang.AssertionError" message="expected [Alamanda] but found [ADIT TEST]">
      <![CDATA[java.lang.AssertionError: expected [Alamanda] but found [ADIT TEST]
at org.testng.Assert.fail(Assert.java:110)
at org.testng.Assert.failNotEquals(Assert.java:1413)
at org.testng.Assert.assertEqualsImpl(Assert.java:149)
at org.testng.Assert.assertEquals(Assert.java:131)
at org.testng.Assert.assertEquals(Assert.java:655)
at org.testng.Assert.assertEquals(Assert.java:665)
at cucumber.framework.runner.siloam.ttddigital.TestTTDPageKombinasiEmpat.siloam115_validasi_data_tersimpan_dan_form_ter_update(TestTTDPageKombinasiEmpat.java:127)
at ✽.Siloam115 Validasi Data tersimpan dan form ter-update(file:///C:/Users/NEXSOFT/Documents/Project/TA_SQA/JuaraCoding/Alamanda/TA-SQUAD-ACF/TA-SQUAD-ACF/src/test/resources/features/siloam/115UpdateDataSalesEmpatKombinasi.feature:16)
]]>
    </failure>
  </testcase> <!-- runScenario -->
  <testcase classname="io.cucumber.testng.AbstractTestNGCucumberTests" name="runScenario" time="2.148">
    <failure type="java.lang.AssertionError" message="expected [Alamanda] but found [ADIT TEST]">
      <![CDATA[java.lang.AssertionError: expected [Alamanda] but found [ADIT TEST]
at org.testng.Assert.fail(Assert.java:110)
at org.testng.Assert.failNotEquals(Assert.java:1413)
at org.testng.Assert.assertEqualsImpl(Assert.java:149)
at org.testng.Assert.assertEquals(Assert.java:131)
at org.testng.Assert.assertEquals(Assert.java:655)
at org.testng.Assert.assertEquals(Assert.java:665)
at cucumber.framework.runner.siloam.ttddigital.TestTTDPageKombinasiEmpat.siloam115_validasi_data_tersimpan_dan_form_ter_update(TestTTDPageKombinasiEmpat.java:127)
at ✽.Siloam115 Validasi Data tersimpan dan form ter-update(file:///C:/Users/NEXSOFT/Documents/Project/TA_SQA/JuaraCoding/Alamanda/TA-SQUAD-ACF/TA-SQUAD-ACF/src/test/resources/features/siloam/115UpdateDataSalesEmpatKombinasi.feature:16)
]]>
    </failure>
  </testcase> <!-- runScenario -->
  <testcase classname="io.cucumber.testng.AbstractTestNGCucumberTests" name="runScenario" time="3.984">
    <failure type="java.lang.AssertionError" message="expected [Alamanda] but found [ADIT TEST]">
      <![CDATA[java.lang.AssertionError: expected [Alamanda] but found [ADIT TEST]
at org.testng.Assert.fail(Assert.java:110)
at org.testng.Assert.failNotEquals(Assert.java:1413)
at org.testng.Assert.assertEqualsImpl(Assert.java:149)
at org.testng.Assert.assertEquals(Assert.java:131)
at org.testng.Assert.assertEquals(Assert.java:655)
at org.testng.Assert.assertEquals(Assert.java:665)
at cucumber.framework.runner.siloam.ttddigital.TestTTDPageKombinasiEmpat.siloam115_validasi_data_tersimpan_dan_form_ter_update(TestTTDPageKombinasiEmpat.java:127)
at ✽.Siloam115 Validasi Data tersimpan dan form ter-update(file:///C:/Users/NEXSOFT/Documents/Project/TA_SQA/JuaraCoding/Alamanda/TA-SQUAD-ACF/TA-SQUAD-ACF/src/test/resources/features/siloam/115UpdateDataSalesEmpatKombinasi.feature:16)
]]>
    </failure>
  </testcase> <!-- runScenario -->
  <testcase classname="io.cucumber.testng.AbstractTestNGCucumberTests" name="runScenario" time="10.119">
    <failure type="java.lang.AssertionError" message="expected [Alamanda] but found [ADIT TEST]">
      <![CDATA[java.lang.AssertionError: expected [Alamanda] but found [ADIT TEST]
at org.testng.Assert.fail(Assert.java:110)
at org.testng.Assert.failNotEquals(Assert.java:1413)
at org.testng.Assert.assertEqualsImpl(Assert.java:149)
at org.testng.Assert.assertEquals(Assert.java:131)
at org.testng.Assert.assertEquals(Assert.java:655)
at org.testng.Assert.assertEquals(Assert.java:665)
at cucumber.framework.runner.siloam.ttddigital.TestTTDPageKombinasiEmpat.siloam115_validasi_data_tersimpan_dan_form_ter_update(TestTTDPageKombinasiEmpat.java:127)
at ✽.Siloam115 Validasi Data tersimpan dan form ter-update(file:///C:/Users/NEXSOFT/Documents/Project/TA_SQA/JuaraCoding/Alamanda/TA-SQUAD-ACF/TA-SQUAD-ACF/src/test/resources/features/siloam/115UpdateDataSalesEmpatKombinasi.feature:16)
]]>
    </failure>
  </testcase> <!-- runScenario -->
  <testcase classname="io.cucumber.testng.AbstractTestNGCucumberTests" name="runScenario" time="4.743">
    <failure type="java.lang.AssertionError" message="expected [Alamanda] but found [ADIT TEST]">
      <![CDATA[java.lang.AssertionError: expected [Alamanda] but found [ADIT TEST]
at org.testng.Assert.fail(Assert.java:110)
at org.testng.Assert.failNotEquals(Assert.java:1413)
at org.testng.Assert.assertEqualsImpl(Assert.java:149)
at org.testng.Assert.assertEquals(Assert.java:131)
at org.testng.Assert.assertEquals(Assert.java:655)
at org.testng.Assert.assertEquals(Assert.java:665)
at cucumber.framework.runner.siloam.ttddigital.TestTTDPageKombinasiEmpat.siloam115_validasi_data_tersimpan_dan_form_ter_update(TestTTDPageKombinasiEmpat.java:127)
at ✽.Siloam115 Validasi Data tersimpan dan form ter-update(file:///C:/Users/NEXSOFT/Documents/Project/TA_SQA/JuaraCoding/Alamanda/TA-SQUAD-ACF/TA-SQUAD-ACF/src/test/resources/features/siloam/115UpdateDataSalesEmpatKombinasi.feature:16)
]]>
    </failure>
  </testcase> <!-- runScenario -->
  <testcase classname="io.cucumber.testng.AbstractTestNGCucumberTests" name="runScenario" time="4.171">
    <failure type="java.lang.AssertionError" message="expected [Alamanda] but found [ADIT TEST]">
      <![CDATA[java.lang.AssertionError: expected [Alamanda] but found [ADIT TEST]
at org.testng.Assert.fail(Assert.java:110)
at org.testng.Assert.failNotEquals(Assert.java:1413)
at org.testng.Assert.assertEqualsImpl(Assert.java:149)
at org.testng.Assert.assertEquals(Assert.java:131)
at org.testng.Assert.assertEquals(Assert.java:655)
at org.testng.Assert.assertEquals(Assert.java:665)
at cucumber.framework.runner.siloam.ttddigital.TestTTDPageKombinasiEmpat.siloam115_validasi_data_tersimpan_dan_form_ter_update(TestTTDPageKombinasiEmpat.java:127)
at ✽.Siloam115 Validasi Data tersimpan dan form ter-update(file:///C:/Users/NEXSOFT/Documents/Project/TA_SQA/JuaraCoding/Alamanda/TA-SQUAD-ACF/TA-SQUAD-ACF/src/test/resources/features/siloam/115UpdateDataSalesEmpatKombinasi.feature:16)
]]>
    </failure>
  </testcase> <!-- runScenario -->
  <testcase classname="io.cucumber.testng.AbstractTestNGCucumberTests" name="runScenario" time="2.101">
    <failure type="java.lang.AssertionError" message="expected [Alamanda] but found [ADIT TEST]">
      <![CDATA[java.lang.AssertionError: expected [Alamanda] but found [ADIT TEST]
at org.testng.Assert.fail(Assert.java:110)
at org.testng.Assert.failNotEquals(Assert.java:1413)
at org.testng.Assert.assertEqualsImpl(Assert.java:149)
at org.testng.Assert.assertEquals(Assert.java:131)
at org.testng.Assert.assertEquals(Assert.java:655)
at org.testng.Assert.assertEquals(Assert.java:665)
at cucumber.framework.runner.siloam.ttddigital.TestTTDPageKombinasiEmpat.siloam115_validasi_data_tersimpan_dan_form_ter_update(TestTTDPageKombinasiEmpat.java:127)
at ✽.Siloam115 Validasi Data tersimpan dan form ter-update(file:///C:/Users/NEXSOFT/Documents/Project/TA_SQA/JuaraCoding/Alamanda/TA-SQUAD-ACF/TA-SQUAD-ACF/src/test/resources/features/siloam/115UpdateDataSalesEmpatKombinasi.feature:16)
]]>
    </failure>
  </testcase> <!-- runScenario -->
  <testcase classname="io.cucumber.testng.AbstractTestNGCucumberTests" name="runScenario" time="2.062">
    <failure type="java.lang.AssertionError" message="expected [Alamanda] but found [ADIT TEST]">
      <![CDATA[java.lang.AssertionError: expected [Alamanda] but found [ADIT TEST]
at org.testng.Assert.fail(Assert.java:110)
at org.testng.Assert.failNotEquals(Assert.java:1413)
at org.testng.Assert.assertEqualsImpl(Assert.java:149)
at org.testng.Assert.assertEquals(Assert.java:131)
at org.testng.Assert.assertEquals(Assert.java:655)
at org.testng.Assert.assertEquals(Assert.java:665)
at cucumber.framework.runner.siloam.ttddigital.TestTTDPageKombinasiEmpat.siloam115_validasi_data_tersimpan_dan_form_ter_update(TestTTDPageKombinasiEmpat.java:127)
at ✽.Siloam115 Validasi Data tersimpan dan form ter-update(file:///C:/Users/NEXSOFT/Documents/Project/TA_SQA/JuaraCoding/Alamanda/TA-SQUAD-ACF/TA-SQUAD-ACF/src/test/resources/features/siloam/115UpdateDataSalesEmpatKombinasi.feature:16)
]]>
    </failure>
  </testcase> <!-- runScenario -->
  <testcase classname="io.cucumber.testng.AbstractTestNGCucumberTests" name="runScenario" time="2.266">
    <failure type="java.lang.AssertionError" message="expected [Alamanda] but found [ADIT TEST]">
      <![CDATA[java.lang.AssertionError: expected [Alamanda] but found [ADIT TEST]
at org.testng.Assert.fail(Assert.java:110)
at org.testng.Assert.failNotEquals(Assert.java:1413)
at org.testng.Assert.assertEqualsImpl(Assert.java:149)
at org.testng.Assert.assertEquals(Assert.java:131)
at org.testng.Assert.assertEquals(Assert.java:655)
at org.testng.Assert.assertEquals(Assert.java:665)
at cucumber.framework.runner.siloam.ttddigital.TestTTDPageKombinasiEmpat.siloam115_validasi_data_tersimpan_dan_form_ter_update(TestTTDPageKombinasiEmpat.java:127)
at ✽.Siloam115 Validasi Data tersimpan dan form ter-update(file:///C:/Users/NEXSOFT/Documents/Project/TA_SQA/JuaraCoding/Alamanda/TA-SQUAD-ACF/TA-SQUAD-ACF/src/test/resources/features/siloam/115UpdateDataSalesEmpatKombinasi.feature:16)
]]>
    </failure>
  </testcase> <!-- runScenario -->
  <testcase classname="io.cucumber.testng.AbstractTestNGCucumberTests" name="runScenario" time="2.596">
    <failure type="java.lang.AssertionError" message="expected [Alamanda] but found [ADIT TEST]">
      <![CDATA[java.lang.AssertionError: expected [Alamanda] but found [ADIT TEST]
at org.testng.Assert.fail(Assert.java:110)
at org.testng.Assert.failNotEquals(Assert.java:1413)
at org.testng.Assert.assertEqualsImpl(Assert.java:149)
at org.testng.Assert.assertEquals(Assert.java:131)
at org.testng.Assert.assertEquals(Assert.java:655)
at org.testng.Assert.assertEquals(Assert.java:665)
at cucumber.framework.runner.siloam.ttddigital.TestTTDPageKombinasiEmpat.siloam115_validasi_data_tersimpan_dan_form_ter_update(TestTTDPageKombinasiEmpat.java:127)
at ✽.Siloam115 Validasi Data tersimpan dan form ter-update(file:///C:/Users/NEXSOFT/Documents/Project/TA_SQA/JuaraCoding/Alamanda/TA-SQUAD-ACF/TA-SQUAD-ACF/src/test/resources/features/siloam/115UpdateDataSalesEmpatKombinasi.feature:16)
]]>
    </failure>
  </testcase> <!-- runScenario -->
  <testcase classname="io.cucumber.testng.AbstractTestNGCucumberTests" name="runScenario" time="2.101">
    <failure type="java.lang.AssertionError" message="expected [Alamanda] but found [ADIT TEST]">
      <![CDATA[java.lang.AssertionError: expected [Alamanda] but found [ADIT TEST]
at org.testng.Assert.fail(Assert.java:110)
at org.testng.Assert.failNotEquals(Assert.java:1413)
at org.testng.Assert.assertEqualsImpl(Assert.java:149)
at org.testng.Assert.assertEquals(Assert.java:131)
at org.testng.Assert.assertEquals(Assert.java:655)
at org.testng.Assert.assertEquals(Assert.java:665)
at cucumber.framework.runner.siloam.ttddigital.TestTTDPageKombinasiEmpat.siloam115_validasi_data_tersimpan_dan_form_ter_update(TestTTDPageKombinasiEmpat.java:127)
at ✽.Siloam115 Validasi Data tersimpan dan form ter-update(file:///C:/Users/NEXSOFT/Documents/Project/TA_SQA/JuaraCoding/Alamanda/TA-SQUAD-ACF/TA-SQUAD-ACF/src/test/resources/features/siloam/115UpdateDataSalesEmpatKombinasi.feature:16)
]]>
    </failure>
  </testcase> <!-- runScenario -->
  <testcase classname="io.cucumber.testng.AbstractTestNGCucumberTests" name="runScenario" time="2.732">
    <failure type="java.lang.AssertionError" message="expected [Alamanda] but found [ADIT TEST]">
      <![CDATA[java.lang.AssertionError: expected [Alamanda] but found [ADIT TEST]
at org.testng.Assert.fail(Assert.java:110)
at org.testng.Assert.failNotEquals(Assert.java:1413)
at org.testng.Assert.assertEqualsImpl(Assert.java:149)
at org.testng.Assert.assertEquals(Assert.java:131)
at org.testng.Assert.assertEquals(Assert.java:655)
at org.testng.Assert.assertEquals(Assert.java:665)
at cucumber.framework.runner.siloam.ttddigital.TestTTDPageKombinasiEmpat.siloam115_validasi_data_tersimpan_dan_form_ter_update(TestTTDPageKombinasiEmpat.java:127)
at ✽.Siloam115 Validasi Data tersimpan dan form ter-update(file:///C:/Users/NEXSOFT/Documents/Project/TA_SQA/JuaraCoding/Alamanda/TA-SQUAD-ACF/TA-SQUAD-ACF/src/test/resources/features/siloam/115UpdateDataSalesEmpatKombinasi.feature:16)
]]>
    </failure>
  </testcase> <!-- runScenario -->
  <testcase classname="io.cucumber.testng.AbstractTestNGCucumberTests" name="runScenario" time="2.076">
    <failure type="java.lang.AssertionError" message="expected [Alamanda] but found [ADIT TEST]">
      <![CDATA[java.lang.AssertionError: expected [Alamanda] but found [ADIT TEST]
at org.testng.Assert.fail(Assert.java:110)
at org.testng.Assert.failNotEquals(Assert.java:1413)
at org.testng.Assert.assertEqualsImpl(Assert.java:149)
at org.testng.Assert.assertEquals(Assert.java:131)
at org.testng.Assert.assertEquals(Assert.java:655)
at org.testng.Assert.assertEquals(Assert.java:665)
at cucumber.framework.runner.siloam.ttddigital.TestTTDPageKombinasiEmpat.siloam115_validasi_data_tersimpan_dan_form_ter_update(TestTTDPageKombinasiEmpat.java:127)
at ✽.Siloam115 Validasi Data tersimpan dan form ter-update(file:///C:/Users/NEXSOFT/Documents/Project/TA_SQA/JuaraCoding/Alamanda/TA-SQUAD-ACF/TA-SQUAD-ACF/src/test/resources/features/siloam/115UpdateDataSalesEmpatKombinasi.feature:16)
]]>
    </failure>
  </testcase> <!-- runScenario -->
  <testcase classname="io.cucumber.testng.AbstractTestNGCucumberTests" name="runScenario" time="2.269">
    <failure type="java.lang.AssertionError" message="expected [Alamanda] but found [ADIT TEST]">
      <![CDATA[java.lang.AssertionError: expected [Alamanda] but found [ADIT TEST]
at org.testng.Assert.fail(Assert.java:110)
at org.testng.Assert.failNotEquals(Assert.java:1413)
at org.testng.Assert.assertEqualsImpl(Assert.java:149)
at org.testng.Assert.assertEquals(Assert.java:131)
at org.testng.Assert.assertEquals(Assert.java:655)
at org.testng.Assert.assertEquals(Assert.java:665)
at cucumber.framework.runner.siloam.ttddigital.TestTTDPageKombinasiEmpat.siloam115_validasi_data_tersimpan_dan_form_ter_update(TestTTDPageKombinasiEmpat.java:127)
at ✽.Siloam115 Validasi Data tersimpan dan form ter-update(file:///C:/Users/NEXSOFT/Documents/Project/TA_SQA/JuaraCoding/Alamanda/TA-SQUAD-ACF/TA-SQUAD-ACF/src/test/resources/features/siloam/115UpdateDataSalesEmpatKombinasi.feature:16)
]]>
    </failure>
  </testcase> <!-- runScenario -->
  <testcase classname="io.cucumber.testng.AbstractTestNGCucumberTests" name="runScenario" time="2.241">
    <failure type="java.lang.AssertionError" message="expected [Alamanda] but found [ADIT TEST]">
      <![CDATA[java.lang.AssertionError: expected [Alamanda] but found [ADIT TEST]
at org.testng.Assert.fail(Assert.java:110)
at org.testng.Assert.failNotEquals(Assert.java:1413)
at org.testng.Assert.assertEqualsImpl(Assert.java:149)
at org.testng.Assert.assertEquals(Assert.java:131)
at org.testng.Assert.assertEquals(Assert.java:655)
at org.testng.Assert.assertEquals(Assert.java:665)
at cucumber.framework.runner.siloam.ttddigital.TestTTDPageKombinasiEmpat.siloam115_validasi_data_tersimpan_dan_form_ter_update(TestTTDPageKombinasiEmpat.java:127)
at ✽.Siloam115 Validasi Data tersimpan dan form ter-update(file:///C:/Users/NEXSOFT/Documents/Project/TA_SQA/JuaraCoding/Alamanda/TA-SQUAD-ACF/TA-SQUAD-ACF/src/test/resources/features/siloam/115UpdateDataSalesEmpatKombinasi.feature:16)
]]>
    </failure>
  </testcase> <!-- runScenario -->
  <testcase classname="io.cucumber.testng.AbstractTestNGCucumberTests" name="runScenario" time="2.872"/>
  <testcase classname="io.cucumber.testng.AbstractTestNGCucumberTests" name="runScenario" time="2.065"/>
  <testcase classname="io.cucumber.testng.AbstractTestNGCucumberTests" name="runScenario" time="2.296"/>
  <testcase classname="io.cucumber.testng.AbstractTestNGCucumberTests" name="runScenario" time="2.024"/>
  <testcase classname="io.cucumber.testng.AbstractTestNGCucumberTests" name="runScenario" time="2.769"/>
  <testcase classname="io.cucumber.testng.AbstractTestNGCucumberTests" name="runScenario" time="2.702"/>
  <testcase classname="io.cucumber.testng.AbstractTestNGCucumberTests" name="runScenario" time="2.927">
    <failure type="java.lang.AssertionError" message="expected [Alamanda] but found [ADIT TEST]">
      <![CDATA[java.lang.AssertionError: expected [Alamanda] but found [ADIT TEST]
at org.testng.Assert.fail(Assert.java:110)
at org.testng.Assert.failNotEquals(Assert.java:1413)
at org.testng.Assert.assertEqualsImpl(Assert.java:149)
at org.testng.Assert.assertEquals(Assert.java:131)
at org.testng.Assert.assertEquals(Assert.java:655)
at org.testng.Assert.assertEquals(Assert.java:665)
at cucumber.framework.runner.siloam.ttddigital.TestTTDPageKombinasiEmpat.siloam115_validasi_data_tersimpan_dan_form_ter_update(TestTTDPageKombinasiEmpat.java:127)
at ✽.Siloam115 Validasi Data tersimpan dan form ter-update(file:///C:/Users/NEXSOFT/Documents/Project/TA_SQA/JuaraCoding/Alamanda/TA-SQUAD-ACF/TA-SQUAD-ACF/src/test/resources/features/siloam/115UpdateDataSalesEmpatKombinasi.feature:16)
]]>
    </failure>
  </testcase> <!-- runScenario -->
  <testcase classname="io.cucumber.testng.AbstractTestNGCucumberTests" name="runScenario" time="2.42">
    <failure type="java.lang.AssertionError" message="expected [Alamanda] but found [ADIT TEST]">
      <![CDATA[java.lang.AssertionError: expected [Alamanda] but found [ADIT TEST]
at org.testng.Assert.fail(Assert.java:110)
at org.testng.Assert.failNotEquals(Assert.java:1413)
at org.testng.Assert.assertEqualsImpl(Assert.java:149)
at org.testng.Assert.assertEquals(Assert.java:131)
at org.testng.Assert.assertEquals(Assert.java:655)
at org.testng.Assert.assertEquals(Assert.java:665)
at cucumber.framework.runner.siloam.ttddigital.TestTTDPageKombinasiEmpat.siloam115_validasi_data_tersimpan_dan_form_ter_update(TestTTDPageKombinasiEmpat.java:127)
at ✽.Siloam115 Validasi Data tersimpan dan form ter-update(file:///C:/Users/NEXSOFT/Documents/Project/TA_SQA/JuaraCoding/Alamanda/TA-SQUAD-ACF/TA-SQUAD-ACF/src/test/resources/features/siloam/115UpdateDataSalesEmpatKombinasi.feature:16)
]]>
    </failure>
  </testcase> <!-- runScenario -->
  <testcase classname="io.cucumber.testng.AbstractTestNGCucumberTests" name="runScenario" time="2.989">
    <failure type="java.lang.AssertionError" message="expected [Alamanda] but found [ADIT TEST]">
      <![CDATA[java.lang.AssertionError: expected [Alamanda] but found [ADIT TEST]
at org.testng.Assert.fail(Assert.java:110)
at org.testng.Assert.failNotEquals(Assert.java:1413)
at org.testng.Assert.assertEqualsImpl(Assert.java:149)
at org.testng.Assert.assertEquals(Assert.java:131)
at org.testng.Assert.assertEquals(Assert.java:655)
at org.testng.Assert.assertEquals(Assert.java:665)
at cucumber.framework.runner.siloam.ttddigital.TestTTDPageKombinasiEmpat.siloam115_validasi_data_tersimpan_dan_form_ter_update(TestTTDPageKombinasiEmpat.java:127)
at ✽.Siloam115 Validasi Data tersimpan dan form ter-update(file:///C:/Users/NEXSOFT/Documents/Project/TA_SQA/JuaraCoding/Alamanda/TA-SQUAD-ACF/TA-SQUAD-ACF/src/test/resources/features/siloam/115UpdateDataSalesEmpatKombinasi.feature:16)
]]>
    </failure>
  </testcase> <!-- runScenario -->
  <testcase classname="io.cucumber.testng.AbstractTestNGCucumberTests" name="runScenario" time="2.569">
    <failure type="java.lang.AssertionError" message="expected [Alamanda] but found [ADIT TEST]">
      <![CDATA[java.lang.AssertionError: expected [Alamanda] but found [ADIT TEST]
at org.testng.Assert.fail(Assert.java:110)
at org.testng.Assert.failNotEquals(Assert.java:1413)
at org.testng.Assert.assertEqualsImpl(Assert.java:149)
at org.testng.Assert.assertEquals(Assert.java:131)
at org.testng.Assert.assertEquals(Assert.java:655)
at org.testng.Assert.assertEquals(Assert.java:665)
at cucumber.framework.runner.siloam.ttddigital.TestTTDPageKombinasiEmpat.siloam115_validasi_data_tersimpan_dan_form_ter_update(TestTTDPageKombinasiEmpat.java:127)
at ✽.Siloam115 Validasi Data tersimpan dan form ter-update(file:///C:/Users/NEXSOFT/Documents/Project/TA_SQA/JuaraCoding/Alamanda/TA-SQUAD-ACF/TA-SQUAD-ACF/src/test/resources/features/siloam/115UpdateDataSalesEmpatKombinasi.feature:16)
]]>
    </failure>
  </testcase> <!-- runScenario -->
  <testcase classname="io.cucumber.testng.AbstractTestNGCucumberTests" name="runScenario" time="4.175"/>
  <testcase classname="io.cucumber.testng.AbstractTestNGCucumberTests" name="runScenario" time="13.001"/>
  <testcase classname="io.cucumber.testng.AbstractTestNGCucumberTests" name="runScenario" time="3.371"/>
  <testcase classname="io.cucumber.testng.AbstractTestNGCucumberTests" name="runScenario" time="71.665"/>
  <testcase classname="io.cucumber.testng.AbstractTestNGCucumberTests" name="runScenario" time="2.021"/>
  <testcase classname="io.cucumber.testng.AbstractTestNGCucumberTests" name="runScenario" time="2.168"/>
  <testcase classname="io.cucumber.testng.AbstractTestNGCucumberTests" name="runScenario" time="1.918"/>
  <testcase classname="io.cucumber.testng.AbstractTestNGCucumberTests" name="runScenario" time="1.865"/>
  <testcase classname="io.cucumber.testng.AbstractTestNGCucumberTests" name="runScenario" time="1.934"/>
  <testcase classname="io.cucumber.testng.AbstractTestNGCucumberTests" name="runScenario" time="1.873"/>
  <testcase classname="io.cucumber.testng.AbstractTestNGCucumberTests" name="runScenario" time="2.146"/>
  <testcase classname="io.cucumber.testng.AbstractTestNGCucumberTests" name="runScenario" time="2.092"/>
  <testcase classname="io.cucumber.testng.AbstractTestNGCucumberTests" name="runScenario" time="2.08"/>
  <testcase classname="io.cucumber.testng.AbstractTestNGCucumberTests" name="runScenario" time="3.274"/>
  <testcase classname="io.cucumber.testng.AbstractTestNGCucumberTests" name="runScenario" time="2.709"/>
  <testcase classname="io.cucumber.testng.AbstractTestNGCucumberTests" name="runScenario" time="2.106"/>
  <testcase classname="io.cucumber.testng.AbstractTestNGCucumberTests" name="runScenario" time="2.004"/>
  <testcase classname="io.cucumber.testng.AbstractTestNGCucumberTests" name="runScenario" time="4.119"/>
  <testcase classname="io.cucumber.testng.AbstractTestNGCucumberTests" name="runScenario" time="6.463"/>
  <testcase classname="io.cucumber.testng.AbstractTestNGCucumberTests" name="runScenario" time="2.048"/>
  <testcase classname="io.cucumber.testng.AbstractTestNGCucumberTests" name="runScenario" time="2.091"/>
  <testcase classname="io.cucumber.testng.AbstractTestNGCucumberTests" name="runScenario" time="2.114"/>
  <testcase classname="io.cucumber.testng.AbstractTestNGCucumberTests" name="runScenario" time="2.382"/>
  <testcase classname="io.cucumber.testng.AbstractTestNGCucumberTests" name="runScenario" time="1.995"/>
  <testcase classname="io.cucumber.testng.AbstractTestNGCucumberTests" name="runScenario" time="2.123"/>
  <testcase classname="io.cucumber.testng.AbstractTestNGCucumberTests" name="runScenario" time="2.274"/>
  <testcase classname="io.cucumber.testng.AbstractTestNGCucumberTests" name="runScenario" time="2.046"/>
  <testcase classname="io.cucumber.testng.AbstractTestNGCucumberTests" name="runScenario" time="1.988"/>
  <testcase classname="io.cucumber.testng.AbstractTestNGCucumberTests" name="runScenario" time="2.565"/>
</testsuite> <!-- Default test -->
