<html>
<head>
<title>TestNG:  Default test</title>
<link href="../testng.css" rel="stylesheet" type="text/css" />
<link href="../my-testng.css" rel="stylesheet" type="text/css" />

<style type="text/css">
.log { display: none;} 
.stack-trace { display: none;} 
</style>
<script type="text/javascript">
<!--
function flip(e) {
  current = e.style.display;
  if (current == 'block') {
    e.style.display = 'none';
    return 0;
  }
  else {
    e.style.display = 'block';
    return 1;
  }
}

function toggleBox(szDivId, elem, msg1, msg2)
{
  var res = -1;  if (document.getElementById) {
    res = flip(document.getElementById(szDivId));
  }
  else if (document.all) {
    // this is the way old msie versions work
    res = flip(document.all[szDivId]);
  }
  if(elem) {
    if(res == 0) elem.innerHTML = msg1; else elem.innerHTML = msg2;
  }

}

function toggleAllBoxes() {
  if (document.getElementsByTagName) {
    d = document.getElementsByTagName('div');
    for (i = 0; i < d.length; i++) {
      if (d[i].className == 'log') {
        flip(d[i]);
      }
    }
  }
}

// -->
</script>

</head>
<body>
<h2 align='center'>Default test</h2><table border='1' align="center">
<tr>
<td>Tests passed/Failed/Skipped:</td><td>36/35/0</td>
</tr><tr>
<td>Started on:</td><td>Tue Oct 04 22:06:22 WIB 2022</td>
</tr>
<tr><td>Total time:</td><td>280 seconds (280313 ms)</td>
</tr><tr>
<td>Included groups:</td><td></td>
</tr><tr>
<td>Excluded groups:</td><td></td>
</tr>
</table><p/>
<small><i>(Hover the method name to see the test class name)</i></small><p/>
<table width='100%' border='1' class='invocation-failed'>
<tr><td colspan='4' align='center'><b>FAILED TESTS</b></td></tr>
<tr><td><b>Test method</b></td>
<td><b>Attribute(s)</b></td>
<td width="30%"><b>Exception</b></td>
<td width="10%"><b>Time (seconds)</b></td>
<td><b>Instance</b></td>
</tr>
<tr>
<td title='cucumber.framework.runner.siloam.ttddigital.TandaTanganDigitalOutlineRunner.runScenario()'><b>runScenario</b><br>Test class: cucumber.framework.runner.siloam.ttddigital.TandaTanganDigitalOutlineRunner<br>Test method: Runs Cucumber Scenarios<br>Parameters: "Siloam115 Sales Update Data Empat Kombinasi", "Update Data Sales Empat Kombinasi"</td>
<td><div><pre>java.lang.AssertionError: expected [Alamanda] but found [ADIT TEST]
	at org.testng.Assert.fail(Assert.java:110)
	at org.testng.Assert.failNotEquals(Assert.java:1413)
	at org.testng.Assert.assertEqualsImpl(Assert.java:149)
	at org.testng.Assert.assertEquals(Assert.java:131)
	at org.testng.Assert.assertEquals(Assert.java:655)
	at org.testng.Assert.assertEquals(Assert.java:665)
	at cucumber.framework.runner.siloam.ttddigital.TestTTDPageKombinasiEmpat.siloam115_validasi_data_tersimpan_dan_form_ter_update(TestTTDPageKombinasiEmpat.java:127)
	at ✽.Siloam115 Validasi Data tersimpan dan form ter-update(file:///C:/Users/NEXSOFT/Documents/Project/TA_SQA/JuaraCoding/Alamanda/TA-SQUAD-ACF/TA-SQUAD-ACF/src/test/resources/features/siloam/115UpdateDataSalesEmpatKombinasi.feature:16)
</pre></div><a href='#' onClick='toggleBox("stack-trace2066011620", this, "Click to show all stack frames", "Click to hide stack frames")'>Click to show all stack frames</a>
<div class='stack-trace' id='stack-trace2066011620'><pre>java.lang.AssertionError: expected [Alamanda] but found [ADIT TEST]
	at org.testng.Assert.fail(Assert.java:110)
	at org.testng.Assert.failNotEquals(Assert.java:1413)
	at org.testng.Assert.assertEqualsImpl(Assert.java:149)
	at org.testng.Assert.assertEquals(Assert.java:131)
	at org.testng.Assert.assertEquals(Assert.java:655)
	at org.testng.Assert.assertEquals(Assert.java:665)
	at cucumber.framework.runner.siloam.ttddigital.TestTTDPageKombinasiEmpat.siloam115_validasi_data_tersimpan_dan_form_ter_update(TestTTDPageKombinasiEmpat.java:127)
	at ✽.Siloam115 Validasi Data tersimpan dan form ter-update(file:///C:/Users/NEXSOFT/Documents/Project/TA_SQA/JuaraCoding/Alamanda/TA-SQUAD-ACF/TA-SQUAD-ACF/src/test/resources/features/siloam/115UpdateDataSalesEmpatKombinasi.feature:16)
</pre></div></td>
<td>2</td>
<td>cucumber.framework.runner.siloam.ttddigital.TandaTanganDigitalOutlineRunner@68c9133c</td></tr>
<tr>
<td title='cucumber.framework.runner.siloam.ttddigital.TandaTanganDigitalOutlineRunner.runScenario()'><b>runScenario</b><br>Test class: cucumber.framework.runner.siloam.ttddigital.TandaTanganDigitalOutlineRunner<br>Test method: Runs Cucumber Scenarios<br>Parameters: "Siloam115 Sales Update Data Empat Kombinasi", "Update Data Sales Empat Kombinasi"</td>
<td><div><pre>java.lang.AssertionError: expected [Alamanda] but found [ADIT TEST]
	at org.testng.Assert.fail(Assert.java:110)
	at org.testng.Assert.failNotEquals(Assert.java:1413)
	at org.testng.Assert.assertEqualsImpl(Assert.java:149)
	at org.testng.Assert.assertEquals(Assert.java:131)
	at org.testng.Assert.assertEquals(Assert.java:655)
	at org.testng.Assert.assertEquals(Assert.java:665)
	at cucumber.framework.runner.siloam.ttddigital.TestTTDPageKombinasiEmpat.siloam115_validasi_data_tersimpan_dan_form_ter_update(TestTTDPageKombinasiEmpat.java:127)
	at ✽.Siloam115 Validasi Data tersimpan dan form ter-update(file:///C:/Users/NEXSOFT/Documents/Project/TA_SQA/JuaraCoding/Alamanda/TA-SQUAD-ACF/TA-SQUAD-ACF/src/test/resources/features/siloam/115UpdateDataSalesEmpatKombinasi.feature:16)
</pre></div><a href='#' onClick='toggleBox("stack-trace161074456", this, "Click to show all stack frames", "Click to hide stack frames")'>Click to show all stack frames</a>
<div class='stack-trace' id='stack-trace161074456'><pre>java.lang.AssertionError: expected [Alamanda] but found [ADIT TEST]
	at org.testng.Assert.fail(Assert.java:110)
	at org.testng.Assert.failNotEquals(Assert.java:1413)
	at org.testng.Assert.assertEqualsImpl(Assert.java:149)
	at org.testng.Assert.assertEquals(Assert.java:131)
	at org.testng.Assert.assertEquals(Assert.java:655)
	at org.testng.Assert.assertEquals(Assert.java:665)
	at cucumber.framework.runner.siloam.ttddigital.TestTTDPageKombinasiEmpat.siloam115_validasi_data_tersimpan_dan_form_ter_update(TestTTDPageKombinasiEmpat.java:127)
	at ✽.Siloam115 Validasi Data tersimpan dan form ter-update(file:///C:/Users/NEXSOFT/Documents/Project/TA_SQA/JuaraCoding/Alamanda/TA-SQUAD-ACF/TA-SQUAD-ACF/src/test/resources/features/siloam/115UpdateDataSalesEmpatKombinasi.feature:16)
</pre></div></td>
<td>6</td>
<td>cucumber.framework.runner.siloam.ttddigital.TandaTanganDigitalOutlineRunner@68c9133c</td></tr>
<tr>
<td title='cucumber.framework.runner.siloam.ttddigital.TandaTanganDigitalOutlineRunner.runScenario()'><b>runScenario</b><br>Test class: cucumber.framework.runner.siloam.ttddigital.TandaTanganDigitalOutlineRunner<br>Test method: Runs Cucumber Scenarios<br>Parameters: "Siloam115 Sales Update Data Empat Kombinasi", "Update Data Sales Empat Kombinasi"</td>
<td><div><pre>java.lang.AssertionError: expected [Alamanda] but found [ADIT TEST]
	at org.testng.Assert.fail(Assert.java:110)
	at org.testng.Assert.failNotEquals(Assert.java:1413)
	at org.testng.Assert.assertEqualsImpl(Assert.java:149)
	at org.testng.Assert.assertEquals(Assert.java:131)
	at org.testng.Assert.assertEquals(Assert.java:655)
	at org.testng.Assert.assertEquals(Assert.java:665)
	at cucumber.framework.runner.siloam.ttddigital.TestTTDPageKombinasiEmpat.siloam115_validasi_data_tersimpan_dan_form_ter_update(TestTTDPageKombinasiEmpat.java:127)
	at ✽.Siloam115 Validasi Data tersimpan dan form ter-update(file:///C:/Users/NEXSOFT/Documents/Project/TA_SQA/JuaraCoding/Alamanda/TA-SQUAD-ACF/TA-SQUAD-ACF/src/test/resources/features/siloam/115UpdateDataSalesEmpatKombinasi.feature:16)
</pre></div><a href='#' onClick='toggleBox("stack-trace1023469953", this, "Click to show all stack frames", "Click to hide stack frames")'>Click to show all stack frames</a>
<div class='stack-trace' id='stack-trace1023469953'><pre>java.lang.AssertionError: expected [Alamanda] but found [ADIT TEST]
	at org.testng.Assert.fail(Assert.java:110)
	at org.testng.Assert.failNotEquals(Assert.java:1413)
	at org.testng.Assert.assertEqualsImpl(Assert.java:149)
	at org.testng.Assert.assertEquals(Assert.java:131)
	at org.testng.Assert.assertEquals(Assert.java:655)
	at org.testng.Assert.assertEquals(Assert.java:665)
	at cucumber.framework.runner.siloam.ttddigital.TestTTDPageKombinasiEmpat.siloam115_validasi_data_tersimpan_dan_form_ter_update(TestTTDPageKombinasiEmpat.java:127)
	at ✽.Siloam115 Validasi Data tersimpan dan form ter-update(file:///C:/Users/NEXSOFT/Documents/Project/TA_SQA/JuaraCoding/Alamanda/TA-SQUAD-ACF/TA-SQUAD-ACF/src/test/resources/features/siloam/115UpdateDataSalesEmpatKombinasi.feature:16)
</pre></div></td>
<td>2</td>
<td>cucumber.framework.runner.siloam.ttddigital.TandaTanganDigitalOutlineRunner@68c9133c</td></tr>
<tr>
<td title='cucumber.framework.runner.siloam.ttddigital.TandaTanganDigitalOutlineRunner.runScenario()'><b>runScenario</b><br>Test class: cucumber.framework.runner.siloam.ttddigital.TandaTanganDigitalOutlineRunner<br>Test method: Runs Cucumber Scenarios<br>Parameters: "Siloam115 Sales Update Data Empat Kombinasi", "Update Data Sales Empat Kombinasi"</td>
<td><div><pre>java.lang.AssertionError: expected [Alamanda] but found [ADIT TEST]
	at org.testng.Assert.fail(Assert.java:110)
	at org.testng.Assert.failNotEquals(Assert.java:1413)
	at org.testng.Assert.assertEqualsImpl(Assert.java:149)
	at org.testng.Assert.assertEquals(Assert.java:131)
	at org.testng.Assert.assertEquals(Assert.java:655)
	at org.testng.Assert.assertEquals(Assert.java:665)
	at cucumber.framework.runner.siloam.ttddigital.TestTTDPageKombinasiEmpat.siloam115_validasi_data_tersimpan_dan_form_ter_update(TestTTDPageKombinasiEmpat.java:127)
	at ✽.Siloam115 Validasi Data tersimpan dan form ter-update(file:///C:/Users/NEXSOFT/Documents/Project/TA_SQA/JuaraCoding/Alamanda/TA-SQUAD-ACF/TA-SQUAD-ACF/src/test/resources/features/siloam/115UpdateDataSalesEmpatKombinasi.feature:16)
</pre></div><a href='#' onClick='toggleBox("stack-trace796240305", this, "Click to show all stack frames", "Click to hide stack frames")'>Click to show all stack frames</a>
<div class='stack-trace' id='stack-trace796240305'><pre>java.lang.AssertionError: expected [Alamanda] but found [ADIT TEST]
	at org.testng.Assert.fail(Assert.java:110)
	at org.testng.Assert.failNotEquals(Assert.java:1413)
	at org.testng.Assert.assertEqualsImpl(Assert.java:149)
	at org.testng.Assert.assertEquals(Assert.java:131)
	at org.testng.Assert.assertEquals(Assert.java:655)
	at org.testng.Assert.assertEquals(Assert.java:665)
	at cucumber.framework.runner.siloam.ttddigital.TestTTDPageKombinasiEmpat.siloam115_validasi_data_tersimpan_dan_form_ter_update(TestTTDPageKombinasiEmpat.java:127)
	at ✽.Siloam115 Validasi Data tersimpan dan form ter-update(file:///C:/Users/NEXSOFT/Documents/Project/TA_SQA/JuaraCoding/Alamanda/TA-SQUAD-ACF/TA-SQUAD-ACF/src/test/resources/features/siloam/115UpdateDataSalesEmpatKombinasi.feature:16)
</pre></div></td>
<td>3</td>
<td>cucumber.framework.runner.siloam.ttddigital.TandaTanganDigitalOutlineRunner@68c9133c</td></tr>
<tr>
<td title='cucumber.framework.runner.siloam.ttddigital.TandaTanganDigitalOutlineRunner.runScenario()'><b>runScenario</b><br>Test class: cucumber.framework.runner.siloam.ttddigital.TandaTanganDigitalOutlineRunner<br>Test method: Runs Cucumber Scenarios<br>Parameters: "Siloam115 Sales Update Data Empat Kombinasi", "Update Data Sales Empat Kombinasi"</td>
<td><div><pre>java.lang.AssertionError: expected [Alamanda] but found [ADIT TEST]
	at org.testng.Assert.fail(Assert.java:110)
	at org.testng.Assert.failNotEquals(Assert.java:1413)
	at org.testng.Assert.assertEqualsImpl(Assert.java:149)
	at org.testng.Assert.assertEquals(Assert.java:131)
	at org.testng.Assert.assertEquals(Assert.java:655)
	at org.testng.Assert.assertEquals(Assert.java:665)
	at cucumber.framework.runner.siloam.ttddigital.TestTTDPageKombinasiEmpat.siloam115_validasi_data_tersimpan_dan_form_ter_update(TestTTDPageKombinasiEmpat.java:127)
	at ✽.Siloam115 Validasi Data tersimpan dan form ter-update(file:///C:/Users/NEXSOFT/Documents/Project/TA_SQA/JuaraCoding/Alamanda/TA-SQUAD-ACF/TA-SQUAD-ACF/src/test/resources/features/siloam/115UpdateDataSalesEmpatKombinasi.feature:16)
</pre></div><a href='#' onClick='toggleBox("stack-trace1422124678", this, "Click to show all stack frames", "Click to hide stack frames")'>Click to show all stack frames</a>
<div class='stack-trace' id='stack-trace1422124678'><pre>java.lang.AssertionError: expected [Alamanda] but found [ADIT TEST]
	at org.testng.Assert.fail(Assert.java:110)
	at org.testng.Assert.failNotEquals(Assert.java:1413)
	at org.testng.Assert.assertEqualsImpl(Assert.java:149)
	at org.testng.Assert.assertEquals(Assert.java:131)
	at org.testng.Assert.assertEquals(Assert.java:655)
	at org.testng.Assert.assertEquals(Assert.java:665)
	at cucumber.framework.runner.siloam.ttddigital.TestTTDPageKombinasiEmpat.siloam115_validasi_data_tersimpan_dan_form_ter_update(TestTTDPageKombinasiEmpat.java:127)
	at ✽.Siloam115 Validasi Data tersimpan dan form ter-update(file:///C:/Users/NEXSOFT/Documents/Project/TA_SQA/JuaraCoding/Alamanda/TA-SQUAD-ACF/TA-SQUAD-ACF/src/test/resources/features/siloam/115UpdateDataSalesEmpatKombinasi.feature:16)
</pre></div></td>
<td>10</td>
<td>cucumber.framework.runner.siloam.ttddigital.TandaTanganDigitalOutlineRunner@68c9133c</td></tr>
<tr>
<td title='cucumber.framework.runner.siloam.ttddigital.TandaTanganDigitalOutlineRunner.runScenario()'><b>runScenario</b><br>Test class: cucumber.framework.runner.siloam.ttddigital.TandaTanganDigitalOutlineRunner<br>Test method: Runs Cucumber Scenarios<br>Parameters: "Siloam115 Sales Update Data Empat Kombinasi", "Update Data Sales Empat Kombinasi"</td>
<td><div><pre>java.lang.AssertionError: expected [Alamanda] but found [ADIT TEST]
	at org.testng.Assert.fail(Assert.java:110)
	at org.testng.Assert.failNotEquals(Assert.java:1413)
	at org.testng.Assert.assertEqualsImpl(Assert.java:149)
	at org.testng.Assert.assertEquals(Assert.java:131)
	at org.testng.Assert.assertEquals(Assert.java:655)
	at org.testng.Assert.assertEquals(Assert.java:665)
	at cucumber.framework.runner.siloam.ttddigital.TestTTDPageKombinasiEmpat.siloam115_validasi_data_tersimpan_dan_form_ter_update(TestTTDPageKombinasiEmpat.java:127)
	at ✽.Siloam115 Validasi Data tersimpan dan form ter-update(file:///C:/Users/NEXSOFT/Documents/Project/TA_SQA/JuaraCoding/Alamanda/TA-SQUAD-ACF/TA-SQUAD-ACF/src/test/resources/features/siloam/115UpdateDataSalesEmpatKombinasi.feature:16)
</pre></div><a href='#' onClick='toggleBox("stack-trace1802058209", this, "Click to show all stack frames", "Click to hide stack frames")'>Click to show all stack frames</a>
<div class='stack-trace' id='stack-trace1802058209'><pre>java.lang.AssertionError: expected [Alamanda] but found [ADIT TEST]
	at org.testng.Assert.fail(Assert.java:110)
	at org.testng.Assert.failNotEquals(Assert.java:1413)
	at org.testng.Assert.assertEqualsImpl(Assert.java:149)
	at org.testng.Assert.assertEquals(Assert.java:131)
	at org.testng.Assert.assertEquals(Assert.java:655)
	at org.testng.Assert.assertEquals(Assert.java:665)
	at cucumber.framework.runner.siloam.ttddigital.TestTTDPageKombinasiEmpat.siloam115_validasi_data_tersimpan_dan_form_ter_update(TestTTDPageKombinasiEmpat.java:127)
	at ✽.Siloam115 Validasi Data tersimpan dan form ter-update(file:///C:/Users/NEXSOFT/Documents/Project/TA_SQA/JuaraCoding/Alamanda/TA-SQUAD-ACF/TA-SQUAD-ACF/src/test/resources/features/siloam/115UpdateDataSalesEmpatKombinasi.feature:16)
</pre></div></td>
<td>2</td>
<td>cucumber.framework.runner.siloam.ttddigital.TandaTanganDigitalOutlineRunner@68c9133c</td></tr>
<tr>
<td title='cucumber.framework.runner.siloam.ttddigital.TandaTanganDigitalOutlineRunner.runScenario()'><b>runScenario</b><br>Test class: cucumber.framework.runner.siloam.ttddigital.TandaTanganDigitalOutlineRunner<br>Test method: Runs Cucumber Scenarios<br>Parameters: "Siloam115 Sales Update Data Empat Kombinasi", "Update Data Sales Empat Kombinasi"</td>
<td><div><pre>java.lang.AssertionError: expected [Alamanda] but found [ADIT TEST]
	at org.testng.Assert.fail(Assert.java:110)
	at org.testng.Assert.failNotEquals(Assert.java:1413)
	at org.testng.Assert.assertEqualsImpl(Assert.java:149)
	at org.testng.Assert.assertEquals(Assert.java:131)
	at org.testng.Assert.assertEquals(Assert.java:655)
	at org.testng.Assert.assertEquals(Assert.java:665)
	at cucumber.framework.runner.siloam.ttddigital.TestTTDPageKombinasiEmpat.siloam115_validasi_data_tersimpan_dan_form_ter_update(TestTTDPageKombinasiEmpat.java:127)
	at ✽.Siloam115 Validasi Data tersimpan dan form ter-update(file:///C:/Users/NEXSOFT/Documents/Project/TA_SQA/JuaraCoding/Alamanda/TA-SQUAD-ACF/TA-SQUAD-ACF/src/test/resources/features/siloam/115UpdateDataSalesEmpatKombinasi.feature:16)
</pre></div><a href='#' onClick='toggleBox("stack-trace1621877792", this, "Click to show all stack frames", "Click to hide stack frames")'>Click to show all stack frames</a>
<div class='stack-trace' id='stack-trace1621877792'><pre>java.lang.AssertionError: expected [Alamanda] but found [ADIT TEST]
	at org.testng.Assert.fail(Assert.java:110)
	at org.testng.Assert.failNotEquals(Assert.java:1413)
	at org.testng.Assert.assertEqualsImpl(Assert.java:149)
	at org.testng.Assert.assertEquals(Assert.java:131)
	at org.testng.Assert.assertEquals(Assert.java:655)
	at org.testng.Assert.assertEquals(Assert.java:665)
	at cucumber.framework.runner.siloam.ttddigital.TestTTDPageKombinasiEmpat.siloam115_validasi_data_tersimpan_dan_form_ter_update(TestTTDPageKombinasiEmpat.java:127)
	at ✽.Siloam115 Validasi Data tersimpan dan form ter-update(file:///C:/Users/NEXSOFT/Documents/Project/TA_SQA/JuaraCoding/Alamanda/TA-SQUAD-ACF/TA-SQUAD-ACF/src/test/resources/features/siloam/115UpdateDataSalesEmpatKombinasi.feature:16)
</pre></div></td>
<td>2</td>
<td>cucumber.framework.runner.siloam.ttddigital.TandaTanganDigitalOutlineRunner@68c9133c</td></tr>
<tr>
<td title='cucumber.framework.runner.siloam.ttddigital.TandaTanganDigitalOutlineRunner.runScenario()'><b>runScenario</b><br>Test class: cucumber.framework.runner.siloam.ttddigital.TandaTanganDigitalOutlineRunner<br>Test method: Runs Cucumber Scenarios<br>Parameters: "Siloam115 Sales Update Data Empat Kombinasi", "Update Data Sales Empat Kombinasi"</td>
<td><div><pre>java.lang.AssertionError: expected [Alamanda] but found [ADIT TEST]
	at org.testng.Assert.fail(Assert.java:110)
	at org.testng.Assert.failNotEquals(Assert.java:1413)
	at org.testng.Assert.assertEqualsImpl(Assert.java:149)
	at org.testng.Assert.assertEquals(Assert.java:131)
	at org.testng.Assert.assertEquals(Assert.java:655)
	at org.testng.Assert.assertEquals(Assert.java:665)
	at cucumber.framework.runner.siloam.ttddigital.TestTTDPageKombinasiEmpat.siloam115_validasi_data_tersimpan_dan_form_ter_update(TestTTDPageKombinasiEmpat.java:127)
	at ✽.Siloam115 Validasi Data tersimpan dan form ter-update(file:///C:/Users/NEXSOFT/Documents/Project/TA_SQA/JuaraCoding/Alamanda/TA-SQUAD-ACF/TA-SQUAD-ACF/src/test/resources/features/siloam/115UpdateDataSalesEmpatKombinasi.feature:16)
</pre></div><a href='#' onClick='toggleBox("stack-trace1111460467", this, "Click to show all stack frames", "Click to hide stack frames")'>Click to show all stack frames</a>
<div class='stack-trace' id='stack-trace1111460467'><pre>java.lang.AssertionError: expected [Alamanda] but found [ADIT TEST]
	at org.testng.Assert.fail(Assert.java:110)
	at org.testng.Assert.failNotEquals(Assert.java:1413)
	at org.testng.Assert.assertEqualsImpl(Assert.java:149)
	at org.testng.Assert.assertEquals(Assert.java:131)
	at org.testng.Assert.assertEquals(Assert.java:655)
	at org.testng.Assert.assertEquals(Assert.java:665)
	at cucumber.framework.runner.siloam.ttddigital.TestTTDPageKombinasiEmpat.siloam115_validasi_data_tersimpan_dan_form_ter_update(TestTTDPageKombinasiEmpat.java:127)
	at ✽.Siloam115 Validasi Data tersimpan dan form ter-update(file:///C:/Users/NEXSOFT/Documents/Project/TA_SQA/JuaraCoding/Alamanda/TA-SQUAD-ACF/TA-SQUAD-ACF/src/test/resources/features/siloam/115UpdateDataSalesEmpatKombinasi.feature:16)
</pre></div></td>
<td>2</td>
<td>cucumber.framework.runner.siloam.ttddigital.TandaTanganDigitalOutlineRunner@68c9133c</td></tr>
<tr>
<td title='cucumber.framework.runner.siloam.ttddigital.TandaTanganDigitalOutlineRunner.runScenario()'><b>runScenario</b><br>Test class: cucumber.framework.runner.siloam.ttddigital.TandaTanganDigitalOutlineRunner<br>Test method: Runs Cucumber Scenarios<br>Parameters: "Siloam115 Sales Update Data Empat Kombinasi", "Update Data Sales Empat Kombinasi"</td>
<td><div><pre>java.lang.AssertionError: expected [Alamanda] but found [ADIT TEST]
	at org.testng.Assert.fail(Assert.java:110)
	at org.testng.Assert.failNotEquals(Assert.java:1413)
	at org.testng.Assert.assertEqualsImpl(Assert.java:149)
	at org.testng.Assert.assertEquals(Assert.java:131)
	at org.testng.Assert.assertEquals(Assert.java:655)
	at org.testng.Assert.assertEquals(Assert.java:665)
	at cucumber.framework.runner.siloam.ttddigital.TestTTDPageKombinasiEmpat.siloam115_validasi_data_tersimpan_dan_form_ter_update(TestTTDPageKombinasiEmpat.java:127)
	at ✽.Siloam115 Validasi Data tersimpan dan form ter-update(file:///C:/Users/NEXSOFT/Documents/Project/TA_SQA/JuaraCoding/Alamanda/TA-SQUAD-ACF/TA-SQUAD-ACF/src/test/resources/features/siloam/115UpdateDataSalesEmpatKombinasi.feature:16)
</pre></div><a href='#' onClick='toggleBox("stack-trace1804328134", this, "Click to show all stack frames", "Click to hide stack frames")'>Click to show all stack frames</a>
<div class='stack-trace' id='stack-trace1804328134'><pre>java.lang.AssertionError: expected [Alamanda] but found [ADIT TEST]
	at org.testng.Assert.fail(Assert.java:110)
	at org.testng.Assert.failNotEquals(Assert.java:1413)
	at org.testng.Assert.assertEqualsImpl(Assert.java:149)
	at org.testng.Assert.assertEquals(Assert.java:131)
	at org.testng.Assert.assertEquals(Assert.java:655)
	at org.testng.Assert.assertEquals(Assert.java:665)
	at cucumber.framework.runner.siloam.ttddigital.TestTTDPageKombinasiEmpat.siloam115_validasi_data_tersimpan_dan_form_ter_update(TestTTDPageKombinasiEmpat.java:127)
	at ✽.Siloam115 Validasi Data tersimpan dan form ter-update(file:///C:/Users/NEXSOFT/Documents/Project/TA_SQA/JuaraCoding/Alamanda/TA-SQUAD-ACF/TA-SQUAD-ACF/src/test/resources/features/siloam/115UpdateDataSalesEmpatKombinasi.feature:16)
</pre></div></td>
<td>2</td>
<td>cucumber.framework.runner.siloam.ttddigital.TandaTanganDigitalOutlineRunner@68c9133c</td></tr>
<tr>
<td title='cucumber.framework.runner.siloam.ttddigital.TandaTanganDigitalOutlineRunner.runScenario()'><b>runScenario</b><br>Test class: cucumber.framework.runner.siloam.ttddigital.TandaTanganDigitalOutlineRunner<br>Test method: Runs Cucumber Scenarios<br>Parameters: "Siloam115 Sales Update Data Empat Kombinasi", "Update Data Sales Empat Kombinasi"</td>
<td><div><pre>java.lang.AssertionError: expected [Alamanda] but found [ADIT TEST]
	at org.testng.Assert.fail(Assert.java:110)
	at org.testng.Assert.failNotEquals(Assert.java:1413)
	at org.testng.Assert.assertEqualsImpl(Assert.java:149)
	at org.testng.Assert.assertEquals(Assert.java:131)
	at org.testng.Assert.assertEquals(Assert.java:655)
	at org.testng.Assert.assertEquals(Assert.java:665)
	at cucumber.framework.runner.siloam.ttddigital.TestTTDPageKombinasiEmpat.siloam115_validasi_data_tersimpan_dan_form_ter_update(TestTTDPageKombinasiEmpat.java:127)
	at ✽.Siloam115 Validasi Data tersimpan dan form ter-update(file:///C:/Users/NEXSOFT/Documents/Project/TA_SQA/JuaraCoding/Alamanda/TA-SQUAD-ACF/TA-SQUAD-ACF/src/test/resources/features/siloam/115UpdateDataSalesEmpatKombinasi.feature:16)
</pre></div><a href='#' onClick='toggleBox("stack-trace1864756523", this, "Click to show all stack frames", "Click to hide stack frames")'>Click to show all stack frames</a>
<div class='stack-trace' id='stack-trace1864756523'><pre>java.lang.AssertionError: expected [Alamanda] but found [ADIT TEST]
	at org.testng.Assert.fail(Assert.java:110)
	at org.testng.Assert.failNotEquals(Assert.java:1413)
	at org.testng.Assert.assertEqualsImpl(Assert.java:149)
	at org.testng.Assert.assertEquals(Assert.java:131)
	at org.testng.Assert.assertEquals(Assert.java:655)
	at org.testng.Assert.assertEquals(Assert.java:665)
	at cucumber.framework.runner.siloam.ttddigital.TestTTDPageKombinasiEmpat.siloam115_validasi_data_tersimpan_dan_form_ter_update(TestTTDPageKombinasiEmpat.java:127)
	at ✽.Siloam115 Validasi Data tersimpan dan form ter-update(file:///C:/Users/NEXSOFT/Documents/Project/TA_SQA/JuaraCoding/Alamanda/TA-SQUAD-ACF/TA-SQUAD-ACF/src/test/resources/features/siloam/115UpdateDataSalesEmpatKombinasi.feature:16)
</pre></div></td>
<td>4</td>
<td>cucumber.framework.runner.siloam.ttddigital.TandaTanganDigitalOutlineRunner@68c9133c</td></tr>
<tr>
<td title='cucumber.framework.runner.siloam.ttddigital.TandaTanganDigitalOutlineRunner.runScenario()'><b>runScenario</b><br>Test class: cucumber.framework.runner.siloam.ttddigital.TandaTanganDigitalOutlineRunner<br>Test method: Runs Cucumber Scenarios<br>Parameters: "Siloam115 Sales Update Data Empat Kombinasi", "Update Data Sales Empat Kombinasi"</td>
<td><div><pre>java.lang.AssertionError: expected [Alamanda] but found [ADIT TEST]
	at org.testng.Assert.fail(Assert.java:110)
	at org.testng.Assert.failNotEquals(Assert.java:1413)
	at org.testng.Assert.assertEqualsImpl(Assert.java:149)
	at org.testng.Assert.assertEquals(Assert.java:131)
	at org.testng.Assert.assertEquals(Assert.java:655)
	at org.testng.Assert.assertEquals(Assert.java:665)
	at cucumber.framework.runner.siloam.ttddigital.TestTTDPageKombinasiEmpat.siloam115_validasi_data_tersimpan_dan_form_ter_update(TestTTDPageKombinasiEmpat.java:127)
	at ✽.Siloam115 Validasi Data tersimpan dan form ter-update(file:///C:/Users/NEXSOFT/Documents/Project/TA_SQA/JuaraCoding/Alamanda/TA-SQUAD-ACF/TA-SQUAD-ACF/src/test/resources/features/siloam/115UpdateDataSalesEmpatKombinasi.feature:16)
</pre></div><a href='#' onClick='toggleBox("stack-trace1290772670", this, "Click to show all stack frames", "Click to hide stack frames")'>Click to show all stack frames</a>
<div class='stack-trace' id='stack-trace1290772670'><pre>java.lang.AssertionError: expected [Alamanda] but found [ADIT TEST]
	at org.testng.Assert.fail(Assert.java:110)
	at org.testng.Assert.failNotEquals(Assert.java:1413)
	at org.testng.Assert.assertEqualsImpl(Assert.java:149)
	at org.testng.Assert.assertEquals(Assert.java:131)
	at org.testng.Assert.assertEquals(Assert.java:655)
	at org.testng.Assert.assertEquals(Assert.java:665)
	at cucumber.framework.runner.siloam.ttddigital.TestTTDPageKombinasiEmpat.siloam115_validasi_data_tersimpan_dan_form_ter_update(TestTTDPageKombinasiEmpat.java:127)
	at ✽.Siloam115 Validasi Data tersimpan dan form ter-update(file:///C:/Users/NEXSOFT/Documents/Project/TA_SQA/JuaraCoding/Alamanda/TA-SQUAD-ACF/TA-SQUAD-ACF/src/test/resources/features/siloam/115UpdateDataSalesEmpatKombinasi.feature:16)
</pre></div></td>
<td>4</td>
<td>cucumber.framework.runner.siloam.ttddigital.TandaTanganDigitalOutlineRunner@68c9133c</td></tr>
<tr>
<td title='cucumber.framework.runner.siloam.ttddigital.TandaTanganDigitalOutlineRunner.runScenario()'><b>runScenario</b><br>Test class: cucumber.framework.runner.siloam.ttddigital.TandaTanganDigitalOutlineRunner<br>Test method: Runs Cucumber Scenarios<br>Parameters: "Siloam115 Sales Update Data Empat Kombinasi", "Update Data Sales Empat Kombinasi"</td>
<td><div><pre>java.lang.AssertionError: expected [Alamanda] but found [ADIT TEST]
	at org.testng.Assert.fail(Assert.java:110)
	at org.testng.Assert.failNotEquals(Assert.java:1413)
	at org.testng.Assert.assertEqualsImpl(Assert.java:149)
	at org.testng.Assert.assertEquals(Assert.java:131)
	at org.testng.Assert.assertEquals(Assert.java:655)
	at org.testng.Assert.assertEquals(Assert.java:665)
	at cucumber.framework.runner.siloam.ttddigital.TestTTDPageKombinasiEmpat.siloam115_validasi_data_tersimpan_dan_form_ter_update(TestTTDPageKombinasiEmpat.java:127)
	at ✽.Siloam115 Validasi Data tersimpan dan form ter-update(file:///C:/Users/NEXSOFT/Documents/Project/TA_SQA/JuaraCoding/Alamanda/TA-SQUAD-ACF/TA-SQUAD-ACF/src/test/resources/features/siloam/115UpdateDataSalesEmpatKombinasi.feature:16)
</pre></div><a href='#' onClick='toggleBox("stack-trace1591581519", this, "Click to show all stack frames", "Click to hide stack frames")'>Click to show all stack frames</a>
<div class='stack-trace' id='stack-trace1591581519'><pre>java.lang.AssertionError: expected [Alamanda] but found [ADIT TEST]
	at org.testng.Assert.fail(Assert.java:110)
	at org.testng.Assert.failNotEquals(Assert.java:1413)
	at org.testng.Assert.assertEqualsImpl(Assert.java:149)
	at org.testng.Assert.assertEquals(Assert.java:131)
	at org.testng.Assert.assertEquals(Assert.java:655)
	at org.testng.Assert.assertEquals(Assert.java:665)
	at cucumber.framework.runner.siloam.ttddigital.TestTTDPageKombinasiEmpat.siloam115_validasi_data_tersimpan_dan_form_ter_update(TestTTDPageKombinasiEmpat.java:127)
	at ✽.Siloam115 Validasi Data tersimpan dan form ter-update(file:///C:/Users/NEXSOFT/Documents/Project/TA_SQA/JuaraCoding/Alamanda/TA-SQUAD-ACF/TA-SQUAD-ACF/src/test/resources/features/siloam/115UpdateDataSalesEmpatKombinasi.feature:16)
</pre></div></td>
<td>2</td>
<td>cucumber.framework.runner.siloam.ttddigital.TandaTanganDigitalOutlineRunner@68c9133c</td></tr>
<tr>
<td title='cucumber.framework.runner.siloam.ttddigital.TandaTanganDigitalOutlineRunner.runScenario()'><b>runScenario</b><br>Test class: cucumber.framework.runner.siloam.ttddigital.TandaTanganDigitalOutlineRunner<br>Test method: Runs Cucumber Scenarios<br>Parameters: "Siloam115 Sales Update Data Empat Kombinasi", "Update Data Sales Empat Kombinasi"</td>
<td><div><pre>java.lang.AssertionError: expected [Alamanda] but found [ADIT TEST]
	at org.testng.Assert.fail(Assert.java:110)
	at org.testng.Assert.failNotEquals(Assert.java:1413)
	at org.testng.Assert.assertEqualsImpl(Assert.java:149)
	at org.testng.Assert.assertEquals(Assert.java:131)
	at org.testng.Assert.assertEquals(Assert.java:655)
	at org.testng.Assert.assertEquals(Assert.java:665)
	at cucumber.framework.runner.siloam.ttddigital.TestTTDPageKombinasiEmpat.siloam115_validasi_data_tersimpan_dan_form_ter_update(TestTTDPageKombinasiEmpat.java:127)
	at ✽.Siloam115 Validasi Data tersimpan dan form ter-update(file:///C:/Users/NEXSOFT/Documents/Project/TA_SQA/JuaraCoding/Alamanda/TA-SQUAD-ACF/TA-SQUAD-ACF/src/test/resources/features/siloam/115UpdateDataSalesEmpatKombinasi.feature:16)
</pre></div><a href='#' onClick='toggleBox("stack-trace801376342", this, "Click to show all stack frames", "Click to hide stack frames")'>Click to show all stack frames</a>
<div class='stack-trace' id='stack-trace801376342'><pre>java.lang.AssertionError: expected [Alamanda] but found [ADIT TEST]
	at org.testng.Assert.fail(Assert.java:110)
	at org.testng.Assert.failNotEquals(Assert.java:1413)
	at org.testng.Assert.assertEqualsImpl(Assert.java:149)
	at org.testng.Assert.assertEquals(Assert.java:131)
	at org.testng.Assert.assertEquals(Assert.java:655)
	at org.testng.Assert.assertEquals(Assert.java:665)
	at cucumber.framework.runner.siloam.ttddigital.TestTTDPageKombinasiEmpat.siloam115_validasi_data_tersimpan_dan_form_ter_update(TestTTDPageKombinasiEmpat.java:127)
	at ✽.Siloam115 Validasi Data tersimpan dan form ter-update(file:///C:/Users/NEXSOFT/Documents/Project/TA_SQA/JuaraCoding/Alamanda/TA-SQUAD-ACF/TA-SQUAD-ACF/src/test/resources/features/siloam/115UpdateDataSalesEmpatKombinasi.feature:16)
</pre></div></td>
<td>2</td>
<td>cucumber.framework.runner.siloam.ttddigital.TandaTanganDigitalOutlineRunner@68c9133c</td></tr>
<tr>
<td title='cucumber.framework.runner.siloam.ttddigital.TandaTanganDigitalOutlineRunner.runScenario()'><b>runScenario</b><br>Test class: cucumber.framework.runner.siloam.ttddigital.TandaTanganDigitalOutlineRunner<br>Test method: Runs Cucumber Scenarios<br>Parameters: "Siloam115 Sales Update Data Empat Kombinasi", "Update Data Sales Empat Kombinasi"</td>
<td><div><pre>java.lang.AssertionError: expected [Alamanda] but found [ADIT TEST]
	at org.testng.Assert.fail(Assert.java:110)
	at org.testng.Assert.failNotEquals(Assert.java:1413)
	at org.testng.Assert.assertEqualsImpl(Assert.java:149)
	at org.testng.Assert.assertEquals(Assert.java:131)
	at org.testng.Assert.assertEquals(Assert.java:655)
	at org.testng.Assert.assertEquals(Assert.java:665)
	at cucumber.framework.runner.siloam.ttddigital.TestTTDPageKombinasiEmpat.siloam115_validasi_data_tersimpan_dan_form_ter_update(TestTTDPageKombinasiEmpat.java:127)
	at ✽.Siloam115 Validasi Data tersimpan dan form ter-update(file:///C:/Users/NEXSOFT/Documents/Project/TA_SQA/JuaraCoding/Alamanda/TA-SQUAD-ACF/TA-SQUAD-ACF/src/test/resources/features/siloam/115UpdateDataSalesEmpatKombinasi.feature:16)
</pre></div><a href='#' onClick='toggleBox("stack-trace476987385", this, "Click to show all stack frames", "Click to hide stack frames")'>Click to show all stack frames</a>
<div class='stack-trace' id='stack-trace476987385'><pre>java.lang.AssertionError: expected [Alamanda] but found [ADIT TEST]
	at org.testng.Assert.fail(Assert.java:110)
	at org.testng.Assert.failNotEquals(Assert.java:1413)
	at org.testng.Assert.assertEqualsImpl(Assert.java:149)
	at org.testng.Assert.assertEquals(Assert.java:131)
	at org.testng.Assert.assertEquals(Assert.java:655)
	at org.testng.Assert.assertEquals(Assert.java:665)
	at cucumber.framework.runner.siloam.ttddigital.TestTTDPageKombinasiEmpat.siloam115_validasi_data_tersimpan_dan_form_ter_update(TestTTDPageKombinasiEmpat.java:127)
	at ✽.Siloam115 Validasi Data tersimpan dan form ter-update(file:///C:/Users/NEXSOFT/Documents/Project/TA_SQA/JuaraCoding/Alamanda/TA-SQUAD-ACF/TA-SQUAD-ACF/src/test/resources/features/siloam/115UpdateDataSalesEmpatKombinasi.feature:16)
</pre></div></td>
<td>2</td>
<td>cucumber.framework.runner.siloam.ttddigital.TandaTanganDigitalOutlineRunner@68c9133c</td></tr>
<tr>
<td title='cucumber.framework.runner.siloam.ttddigital.TandaTanganDigitalOutlineRunner.runScenario()'><b>runScenario</b><br>Test class: cucumber.framework.runner.siloam.ttddigital.TandaTanganDigitalOutlineRunner<br>Test method: Runs Cucumber Scenarios<br>Parameters: "Siloam115 Sales Update Data Empat Kombinasi", "Update Data Sales Empat Kombinasi"</td>
<td><div><pre>java.lang.AssertionError: expected [Alamanda] but found [ADIT TEST]
	at org.testng.Assert.fail(Assert.java:110)
	at org.testng.Assert.failNotEquals(Assert.java:1413)
	at org.testng.Assert.assertEqualsImpl(Assert.java:149)
	at org.testng.Assert.assertEquals(Assert.java:131)
	at org.testng.Assert.assertEquals(Assert.java:655)
	at org.testng.Assert.assertEquals(Assert.java:665)
	at cucumber.framework.runner.siloam.ttddigital.TestTTDPageKombinasiEmpat.siloam115_validasi_data_tersimpan_dan_form_ter_update(TestTTDPageKombinasiEmpat.java:127)
	at ✽.Siloam115 Validasi Data tersimpan dan form ter-update(file:///C:/Users/NEXSOFT/Documents/Project/TA_SQA/JuaraCoding/Alamanda/TA-SQUAD-ACF/TA-SQUAD-ACF/src/test/resources/features/siloam/115UpdateDataSalesEmpatKombinasi.feature:16)
</pre></div><a href='#' onClick='toggleBox("stack-trace263111287", this, "Click to show all stack frames", "Click to hide stack frames")'>Click to show all stack frames</a>
<div class='stack-trace' id='stack-trace263111287'><pre>java.lang.AssertionError: expected [Alamanda] but found [ADIT TEST]
	at org.testng.Assert.fail(Assert.java:110)
	at org.testng.Assert.failNotEquals(Assert.java:1413)
	at org.testng.Assert.assertEqualsImpl(Assert.java:149)
	at org.testng.Assert.assertEquals(Assert.java:131)
	at org.testng.Assert.assertEquals(Assert.java:655)
	at org.testng.Assert.assertEquals(Assert.java:665)
	at cucumber.framework.runner.siloam.ttddigital.TestTTDPageKombinasiEmpat.siloam115_validasi_data_tersimpan_dan_form_ter_update(TestTTDPageKombinasiEmpat.java:127)
	at ✽.Siloam115 Validasi Data tersimpan dan form ter-update(file:///C:/Users/NEXSOFT/Documents/Project/TA_SQA/JuaraCoding/Alamanda/TA-SQUAD-ACF/TA-SQUAD-ACF/src/test/resources/features/siloam/115UpdateDataSalesEmpatKombinasi.feature:16)
</pre></div></td>
<td>2</td>
<td>cucumber.framework.runner.siloam.ttddigital.TandaTanganDigitalOutlineRunner@68c9133c</td></tr>
<tr>
<td title='cucumber.framework.runner.siloam.ttddigital.TandaTanganDigitalOutlineRunner.runScenario()'><b>runScenario</b><br>Test class: cucumber.framework.runner.siloam.ttddigital.TandaTanganDigitalOutlineRunner<br>Test method: Runs Cucumber Scenarios<br>Parameters: "Siloam115 Sales Update Data Empat Kombinasi", "Update Data Sales Empat Kombinasi"</td>
<td><div><pre>java.lang.AssertionError: expected [Alamanda] but found [ADIT TEST]
	at org.testng.Assert.fail(Assert.java:110)
	at org.testng.Assert.failNotEquals(Assert.java:1413)
	at org.testng.Assert.assertEqualsImpl(Assert.java:149)
	at org.testng.Assert.assertEquals(Assert.java:131)
	at org.testng.Assert.assertEquals(Assert.java:655)
	at org.testng.Assert.assertEquals(Assert.java:665)
	at cucumber.framework.runner.siloam.ttddigital.TestTTDPageKombinasiEmpat.siloam115_validasi_data_tersimpan_dan_form_ter_update(TestTTDPageKombinasiEmpat.java:127)
	at ✽.Siloam115 Validasi Data tersimpan dan form ter-update(file:///C:/Users/NEXSOFT/Documents/Project/TA_SQA/JuaraCoding/Alamanda/TA-SQUAD-ACF/TA-SQUAD-ACF/src/test/resources/features/siloam/115UpdateDataSalesEmpatKombinasi.feature:16)
</pre></div><a href='#' onClick='toggleBox("stack-trace286637708", this, "Click to show all stack frames", "Click to hide stack frames")'>Click to show all stack frames</a>
<div class='stack-trace' id='stack-trace286637708'><pre>java.lang.AssertionError: expected [Alamanda] but found [ADIT TEST]
	at org.testng.Assert.fail(Assert.java:110)
	at org.testng.Assert.failNotEquals(Assert.java:1413)
	at org.testng.Assert.assertEqualsImpl(Assert.java:149)
	at org.testng.Assert.assertEquals(Assert.java:131)
	at org.testng.Assert.assertEquals(Assert.java:655)
	at org.testng.Assert.assertEquals(Assert.java:665)
	at cucumber.framework.runner.siloam.ttddigital.TestTTDPageKombinasiEmpat.siloam115_validasi_data_tersimpan_dan_form_ter_update(TestTTDPageKombinasiEmpat.java:127)
	at ✽.Siloam115 Validasi Data tersimpan dan form ter-update(file:///C:/Users/NEXSOFT/Documents/Project/TA_SQA/JuaraCoding/Alamanda/TA-SQUAD-ACF/TA-SQUAD-ACF/src/test/resources/features/siloam/115UpdateDataSalesEmpatKombinasi.feature:16)
</pre></div></td>
<td>2</td>
<td>cucumber.framework.runner.siloam.ttddigital.TandaTanganDigitalOutlineRunner@68c9133c</td></tr>
<tr>
<td title='cucumber.framework.runner.siloam.ttddigital.TandaTanganDigitalOutlineRunner.runScenario()'><b>runScenario</b><br>Test class: cucumber.framework.runner.siloam.ttddigital.TandaTanganDigitalOutlineRunner<br>Test method: Runs Cucumber Scenarios<br>Parameters: "Siloam115 Sales Update Data Empat Kombinasi", "Update Data Sales Empat Kombinasi"</td>
<td><div><pre>java.lang.AssertionError: expected [Alamanda] but found [ADIT TEST]
	at org.testng.Assert.fail(Assert.java:110)
	at org.testng.Assert.failNotEquals(Assert.java:1413)
	at org.testng.Assert.assertEqualsImpl(Assert.java:149)
	at org.testng.Assert.assertEquals(Assert.java:131)
	at org.testng.Assert.assertEquals(Assert.java:655)
	at org.testng.Assert.assertEquals(Assert.java:665)
	at cucumber.framework.runner.siloam.ttddigital.TestTTDPageKombinasiEmpat.siloam115_validasi_data_tersimpan_dan_form_ter_update(TestTTDPageKombinasiEmpat.java:127)
	at ✽.Siloam115 Validasi Data tersimpan dan form ter-update(file:///C:/Users/NEXSOFT/Documents/Project/TA_SQA/JuaraCoding/Alamanda/TA-SQUAD-ACF/TA-SQUAD-ACF/src/test/resources/features/siloam/115UpdateDataSalesEmpatKombinasi.feature:16)
</pre></div><a href='#' onClick='toggleBox("stack-trace1523631882", this, "Click to show all stack frames", "Click to hide stack frames")'>Click to show all stack frames</a>
<div class='stack-trace' id='stack-trace1523631882'><pre>java.lang.AssertionError: expected [Alamanda] but found [ADIT TEST]
	at org.testng.Assert.fail(Assert.java:110)
	at org.testng.Assert.failNotEquals(Assert.java:1413)
	at org.testng.Assert.assertEqualsImpl(Assert.java:149)
	at org.testng.Assert.assertEquals(Assert.java:131)
	at org.testng.Assert.assertEquals(Assert.java:655)
	at org.testng.Assert.assertEquals(Assert.java:665)
	at cucumber.framework.runner.siloam.ttddigital.TestTTDPageKombinasiEmpat.siloam115_validasi_data_tersimpan_dan_form_ter_update(TestTTDPageKombinasiEmpat.java:127)
	at ✽.Siloam115 Validasi Data tersimpan dan form ter-update(file:///C:/Users/NEXSOFT/Documents/Project/TA_SQA/JuaraCoding/Alamanda/TA-SQUAD-ACF/TA-SQUAD-ACF/src/test/resources/features/siloam/115UpdateDataSalesEmpatKombinasi.feature:16)
</pre></div></td>
<td>2</td>
<td>cucumber.framework.runner.siloam.ttddigital.TandaTanganDigitalOutlineRunner@68c9133c</td></tr>
<tr>
<td title='cucumber.framework.runner.siloam.ttddigital.TandaTanganDigitalOutlineRunner.runScenario()'><b>runScenario</b><br>Test class: cucumber.framework.runner.siloam.ttddigital.TandaTanganDigitalOutlineRunner<br>Test method: Runs Cucumber Scenarios<br>Parameters: "Siloam115 Sales Update Data Empat Kombinasi", "Update Data Sales Empat Kombinasi"</td>
<td><div><pre>java.lang.AssertionError: expected [Alamanda] but found [ADIT TEST]
	at org.testng.Assert.fail(Assert.java:110)
	at org.testng.Assert.failNotEquals(Assert.java:1413)
	at org.testng.Assert.assertEqualsImpl(Assert.java:149)
	at org.testng.Assert.assertEquals(Assert.java:131)
	at org.testng.Assert.assertEquals(Assert.java:655)
	at org.testng.Assert.assertEquals(Assert.java:665)
	at cucumber.framework.runner.siloam.ttddigital.TestTTDPageKombinasiEmpat.siloam115_validasi_data_tersimpan_dan_form_ter_update(TestTTDPageKombinasiEmpat.java:127)
	at ✽.Siloam115 Validasi Data tersimpan dan form ter-update(file:///C:/Users/NEXSOFT/Documents/Project/TA_SQA/JuaraCoding/Alamanda/TA-SQUAD-ACF/TA-SQUAD-ACF/src/test/resources/features/siloam/115UpdateDataSalesEmpatKombinasi.feature:16)
</pre></div><a href='#' onClick='toggleBox("stack-trace251557282", this, "Click to show all stack frames", "Click to hide stack frames")'>Click to show all stack frames</a>
<div class='stack-trace' id='stack-trace251557282'><pre>java.lang.AssertionError: expected [Alamanda] but found [ADIT TEST]
	at org.testng.Assert.fail(Assert.java:110)
	at org.testng.Assert.failNotEquals(Assert.java:1413)
	at org.testng.Assert.assertEqualsImpl(Assert.java:149)
	at org.testng.Assert.assertEquals(Assert.java:131)
	at org.testng.Assert.assertEquals(Assert.java:655)
	at org.testng.Assert.assertEquals(Assert.java:665)
	at cucumber.framework.runner.siloam.ttddigital.TestTTDPageKombinasiEmpat.siloam115_validasi_data_tersimpan_dan_form_ter_update(TestTTDPageKombinasiEmpat.java:127)
	at ✽.Siloam115 Validasi Data tersimpan dan form ter-update(file:///C:/Users/NEXSOFT/Documents/Project/TA_SQA/JuaraCoding/Alamanda/TA-SQUAD-ACF/TA-SQUAD-ACF/src/test/resources/features/siloam/115UpdateDataSalesEmpatKombinasi.feature:16)
</pre></div></td>
<td>2</td>
<td>cucumber.framework.runner.siloam.ttddigital.TandaTanganDigitalOutlineRunner@68c9133c</td></tr>
<tr>
<td title='cucumber.framework.runner.siloam.ttddigital.TandaTanganDigitalOutlineRunner.runScenario()'><b>runScenario</b><br>Test class: cucumber.framework.runner.siloam.ttddigital.TandaTanganDigitalOutlineRunner<br>Test method: Runs Cucumber Scenarios<br>Parameters: "Siloam115 Sales Update Data Empat Kombinasi", "Update Data Sales Empat Kombinasi"</td>
<td><div><pre>java.lang.AssertionError: expected [Alamanda] but found [ADIT TEST]
	at org.testng.Assert.fail(Assert.java:110)
	at org.testng.Assert.failNotEquals(Assert.java:1413)
	at org.testng.Assert.assertEqualsImpl(Assert.java:149)
	at org.testng.Assert.assertEquals(Assert.java:131)
	at org.testng.Assert.assertEquals(Assert.java:655)
	at org.testng.Assert.assertEquals(Assert.java:665)
	at cucumber.framework.runner.siloam.ttddigital.TestTTDPageKombinasiEmpat.siloam115_validasi_data_tersimpan_dan_form_ter_update(TestTTDPageKombinasiEmpat.java:127)
	at ✽.Siloam115 Validasi Data tersimpan dan form ter-update(file:///C:/Users/NEXSOFT/Documents/Project/TA_SQA/JuaraCoding/Alamanda/TA-SQUAD-ACF/TA-SQUAD-ACF/src/test/resources/features/siloam/115UpdateDataSalesEmpatKombinasi.feature:16)
</pre></div><a href='#' onClick='toggleBox("stack-trace1671164933", this, "Click to show all stack frames", "Click to hide stack frames")'>Click to show all stack frames</a>
<div class='stack-trace' id='stack-trace1671164933'><pre>java.lang.AssertionError: expected [Alamanda] but found [ADIT TEST]
	at org.testng.Assert.fail(Assert.java:110)
	at org.testng.Assert.failNotEquals(Assert.java:1413)
	at org.testng.Assert.assertEqualsImpl(Assert.java:149)
	at org.testng.Assert.assertEquals(Assert.java:131)
	at org.testng.Assert.assertEquals(Assert.java:655)
	at org.testng.Assert.assertEquals(Assert.java:665)
	at cucumber.framework.runner.siloam.ttddigital.TestTTDPageKombinasiEmpat.siloam115_validasi_data_tersimpan_dan_form_ter_update(TestTTDPageKombinasiEmpat.java:127)
	at ✽.Siloam115 Validasi Data tersimpan dan form ter-update(file:///C:/Users/NEXSOFT/Documents/Project/TA_SQA/JuaraCoding/Alamanda/TA-SQUAD-ACF/TA-SQUAD-ACF/src/test/resources/features/siloam/115UpdateDataSalesEmpatKombinasi.feature:16)
</pre></div></td>
<td>2</td>
<td>cucumber.framework.runner.siloam.ttddigital.TandaTanganDigitalOutlineRunner@68c9133c</td></tr>
<tr>
<td title='cucumber.framework.runner.siloam.ttddigital.TandaTanganDigitalOutlineRunner.runScenario()'><b>runScenario</b><br>Test class: cucumber.framework.runner.siloam.ttddigital.TandaTanganDigitalOutlineRunner<br>Test method: Runs Cucumber Scenarios<br>Parameters: "Siloam115 Sales Update Data Empat Kombinasi", "Update Data Sales Empat Kombinasi"</td>
<td><div><pre>java.lang.AssertionError: expected [Alamanda] but found [ADIT TEST]
	at org.testng.Assert.fail(Assert.java:110)
	at org.testng.Assert.failNotEquals(Assert.java:1413)
	at org.testng.Assert.assertEqualsImpl(Assert.java:149)
	at org.testng.Assert.assertEquals(Assert.java:131)
	at org.testng.Assert.assertEquals(Assert.java:655)
	at org.testng.Assert.assertEquals(Assert.java:665)
	at cucumber.framework.runner.siloam.ttddigital.TestTTDPageKombinasiEmpat.siloam115_validasi_data_tersimpan_dan_form_ter_update(TestTTDPageKombinasiEmpat.java:127)
	at ✽.Siloam115 Validasi Data tersimpan dan form ter-update(file:///C:/Users/NEXSOFT/Documents/Project/TA_SQA/JuaraCoding/Alamanda/TA-SQUAD-ACF/TA-SQUAD-ACF/src/test/resources/features/siloam/115UpdateDataSalesEmpatKombinasi.feature:16)
</pre></div><a href='#' onClick='toggleBox("stack-trace1082862306", this, "Click to show all stack frames", "Click to hide stack frames")'>Click to show all stack frames</a>
<div class='stack-trace' id='stack-trace1082862306'><pre>java.lang.AssertionError: expected [Alamanda] but found [ADIT TEST]
	at org.testng.Assert.fail(Assert.java:110)
	at org.testng.Assert.failNotEquals(Assert.java:1413)
	at org.testng.Assert.assertEqualsImpl(Assert.java:149)
	at org.testng.Assert.assertEquals(Assert.java:131)
	at org.testng.Assert.assertEquals(Assert.java:655)
	at org.testng.Assert.assertEquals(Assert.java:665)
	at cucumber.framework.runner.siloam.ttddigital.TestTTDPageKombinasiEmpat.siloam115_validasi_data_tersimpan_dan_form_ter_update(TestTTDPageKombinasiEmpat.java:127)
	at ✽.Siloam115 Validasi Data tersimpan dan form ter-update(file:///C:/Users/NEXSOFT/Documents/Project/TA_SQA/JuaraCoding/Alamanda/TA-SQUAD-ACF/TA-SQUAD-ACF/src/test/resources/features/siloam/115UpdateDataSalesEmpatKombinasi.feature:16)
</pre></div></td>
<td>2</td>
<td>cucumber.framework.runner.siloam.ttddigital.TandaTanganDigitalOutlineRunner@68c9133c</td></tr>
<tr>
<td title='cucumber.framework.runner.siloam.ttddigital.TandaTanganDigitalOutlineRunner.runScenario()'><b>runScenario</b><br>Test class: cucumber.framework.runner.siloam.ttddigital.TandaTanganDigitalOutlineRunner<br>Test method: Runs Cucumber Scenarios<br>Parameters: "Siloam115 Sales Update Data Empat Kombinasi", "Update Data Sales Empat Kombinasi"</td>
<td><div><pre>java.lang.AssertionError: expected [Alamanda] but found [ADIT TEST]
	at org.testng.Assert.fail(Assert.java:110)
	at org.testng.Assert.failNotEquals(Assert.java:1413)
	at org.testng.Assert.assertEqualsImpl(Assert.java:149)
	at org.testng.Assert.assertEquals(Assert.java:131)
	at org.testng.Assert.assertEquals(Assert.java:655)
	at org.testng.Assert.assertEquals(Assert.java:665)
	at cucumber.framework.runner.siloam.ttddigital.TestTTDPageKombinasiEmpat.siloam115_validasi_data_tersimpan_dan_form_ter_update(TestTTDPageKombinasiEmpat.java:127)
	at ✽.Siloam115 Validasi Data tersimpan dan form ter-update(file:///C:/Users/NEXSOFT/Documents/Project/TA_SQA/JuaraCoding/Alamanda/TA-SQUAD-ACF/TA-SQUAD-ACF/src/test/resources/features/siloam/115UpdateDataSalesEmpatKombinasi.feature:16)
</pre></div><a href='#' onClick='toggleBox("stack-trace1237856866", this, "Click to show all stack frames", "Click to hide stack frames")'>Click to show all stack frames</a>
<div class='stack-trace' id='stack-trace1237856866'><pre>java.lang.AssertionError: expected [Alamanda] but found [ADIT TEST]
	at org.testng.Assert.fail(Assert.java:110)
	at org.testng.Assert.failNotEquals(Assert.java:1413)
	at org.testng.Assert.assertEqualsImpl(Assert.java:149)
	at org.testng.Assert.assertEquals(Assert.java:131)
	at org.testng.Assert.assertEquals(Assert.java:655)
	at org.testng.Assert.assertEquals(Assert.java:665)
	at cucumber.framework.runner.siloam.ttddigital.TestTTDPageKombinasiEmpat.siloam115_validasi_data_tersimpan_dan_form_ter_update(TestTTDPageKombinasiEmpat.java:127)
	at ✽.Siloam115 Validasi Data tersimpan dan form ter-update(file:///C:/Users/NEXSOFT/Documents/Project/TA_SQA/JuaraCoding/Alamanda/TA-SQUAD-ACF/TA-SQUAD-ACF/src/test/resources/features/siloam/115UpdateDataSalesEmpatKombinasi.feature:16)
</pre></div></td>
<td>2</td>
<td>cucumber.framework.runner.siloam.ttddigital.TandaTanganDigitalOutlineRunner@68c9133c</td></tr>
<tr>
<td title='cucumber.framework.runner.siloam.ttddigital.TandaTanganDigitalOutlineRunner.runScenario()'><b>runScenario</b><br>Test class: cucumber.framework.runner.siloam.ttddigital.TandaTanganDigitalOutlineRunner<br>Test method: Runs Cucumber Scenarios<br>Parameters: "Siloam115 Sales Update Data Empat Kombinasi", "Update Data Sales Empat Kombinasi"</td>
<td><div><pre>java.lang.AssertionError: expected [Alamanda] but found [ADIT TEST]
	at org.testng.Assert.fail(Assert.java:110)
	at org.testng.Assert.failNotEquals(Assert.java:1413)
	at org.testng.Assert.assertEqualsImpl(Assert.java:149)
	at org.testng.Assert.assertEquals(Assert.java:131)
	at org.testng.Assert.assertEquals(Assert.java:655)
	at org.testng.Assert.assertEquals(Assert.java:665)
	at cucumber.framework.runner.siloam.ttddigital.TestTTDPageKombinasiEmpat.siloam115_validasi_data_tersimpan_dan_form_ter_update(TestTTDPageKombinasiEmpat.java:127)
	at ✽.Siloam115 Validasi Data tersimpan dan form ter-update(file:///C:/Users/NEXSOFT/Documents/Project/TA_SQA/JuaraCoding/Alamanda/TA-SQUAD-ACF/TA-SQUAD-ACF/src/test/resources/features/siloam/115UpdateDataSalesEmpatKombinasi.feature:16)
</pre></div><a href='#' onClick='toggleBox("stack-trace457586988", this, "Click to show all stack frames", "Click to hide stack frames")'>Click to show all stack frames</a>
<div class='stack-trace' id='stack-trace457586988'><pre>java.lang.AssertionError: expected [Alamanda] but found [ADIT TEST]
	at org.testng.Assert.fail(Assert.java:110)
	at org.testng.Assert.failNotEquals(Assert.java:1413)
	at org.testng.Assert.assertEqualsImpl(Assert.java:149)
	at org.testng.Assert.assertEquals(Assert.java:131)
	at org.testng.Assert.assertEquals(Assert.java:655)
	at org.testng.Assert.assertEquals(Assert.java:665)
	at cucumber.framework.runner.siloam.ttddigital.TestTTDPageKombinasiEmpat.siloam115_validasi_data_tersimpan_dan_form_ter_update(TestTTDPageKombinasiEmpat.java:127)
	at ✽.Siloam115 Validasi Data tersimpan dan form ter-update(file:///C:/Users/NEXSOFT/Documents/Project/TA_SQA/JuaraCoding/Alamanda/TA-SQUAD-ACF/TA-SQUAD-ACF/src/test/resources/features/siloam/115UpdateDataSalesEmpatKombinasi.feature:16)
</pre></div></td>
<td>2</td>
<td>cucumber.framework.runner.siloam.ttddigital.TandaTanganDigitalOutlineRunner@68c9133c</td></tr>
<tr>
<td title='cucumber.framework.runner.siloam.ttddigital.TandaTanganDigitalOutlineRunner.runScenario()'><b>runScenario</b><br>Test class: cucumber.framework.runner.siloam.ttddigital.TandaTanganDigitalOutlineRunner<br>Test method: Runs Cucumber Scenarios<br>Parameters: "Siloam115 Sales Update Data Empat Kombinasi", "Update Data Sales Empat Kombinasi"</td>
<td><div><pre>java.lang.AssertionError: expected [Alamanda] but found [ADIT TEST]
	at org.testng.Assert.fail(Assert.java:110)
	at org.testng.Assert.failNotEquals(Assert.java:1413)
	at org.testng.Assert.assertEqualsImpl(Assert.java:149)
	at org.testng.Assert.assertEquals(Assert.java:131)
	at org.testng.Assert.assertEquals(Assert.java:655)
	at org.testng.Assert.assertEquals(Assert.java:665)
	at cucumber.framework.runner.siloam.ttddigital.TestTTDPageKombinasiEmpat.siloam115_validasi_data_tersimpan_dan_form_ter_update(TestTTDPageKombinasiEmpat.java:127)
	at ✽.Siloam115 Validasi Data tersimpan dan form ter-update(file:///C:/Users/NEXSOFT/Documents/Project/TA_SQA/JuaraCoding/Alamanda/TA-SQUAD-ACF/TA-SQUAD-ACF/src/test/resources/features/siloam/115UpdateDataSalesEmpatKombinasi.feature:16)
</pre></div><a href='#' onClick='toggleBox("stack-trace1451747629", this, "Click to show all stack frames", "Click to hide stack frames")'>Click to show all stack frames</a>
<div class='stack-trace' id='stack-trace1451747629'><pre>java.lang.AssertionError: expected [Alamanda] but found [ADIT TEST]
	at org.testng.Assert.fail(Assert.java:110)
	at org.testng.Assert.failNotEquals(Assert.java:1413)
	at org.testng.Assert.assertEqualsImpl(Assert.java:149)
	at org.testng.Assert.assertEquals(Assert.java:131)
	at org.testng.Assert.assertEquals(Assert.java:655)
	at org.testng.Assert.assertEquals(Assert.java:665)
	at cucumber.framework.runner.siloam.ttddigital.TestTTDPageKombinasiEmpat.siloam115_validasi_data_tersimpan_dan_form_ter_update(TestTTDPageKombinasiEmpat.java:127)
	at ✽.Siloam115 Validasi Data tersimpan dan form ter-update(file:///C:/Users/NEXSOFT/Documents/Project/TA_SQA/JuaraCoding/Alamanda/TA-SQUAD-ACF/TA-SQUAD-ACF/src/test/resources/features/siloam/115UpdateDataSalesEmpatKombinasi.feature:16)
</pre></div></td>
<td>2</td>
<td>cucumber.framework.runner.siloam.ttddigital.TandaTanganDigitalOutlineRunner@68c9133c</td></tr>
<tr>
<td title='cucumber.framework.runner.siloam.ttddigital.TandaTanganDigitalOutlineRunner.runScenario()'><b>runScenario</b><br>Test class: cucumber.framework.runner.siloam.ttddigital.TandaTanganDigitalOutlineRunner<br>Test method: Runs Cucumber Scenarios<br>Parameters: "Siloam115 Sales Update Data Empat Kombinasi", "Update Data Sales Empat Kombinasi"</td>
<td><div><pre>java.lang.AssertionError: expected [Alamanda] but found [ADIT TEST]
	at org.testng.Assert.fail(Assert.java:110)
	at org.testng.Assert.failNotEquals(Assert.java:1413)
	at org.testng.Assert.assertEqualsImpl(Assert.java:149)
	at org.testng.Assert.assertEquals(Assert.java:131)
	at org.testng.Assert.assertEquals(Assert.java:655)
	at org.testng.Assert.assertEquals(Assert.java:665)
	at cucumber.framework.runner.siloam.ttddigital.TestTTDPageKombinasiEmpat.siloam115_validasi_data_tersimpan_dan_form_ter_update(TestTTDPageKombinasiEmpat.java:127)
	at ✽.Siloam115 Validasi Data tersimpan dan form ter-update(file:///C:/Users/NEXSOFT/Documents/Project/TA_SQA/JuaraCoding/Alamanda/TA-SQUAD-ACF/TA-SQUAD-ACF/src/test/resources/features/siloam/115UpdateDataSalesEmpatKombinasi.feature:16)
</pre></div><a href='#' onClick='toggleBox("stack-trace763011729", this, "Click to show all stack frames", "Click to hide stack frames")'>Click to show all stack frames</a>
<div class='stack-trace' id='stack-trace763011729'><pre>java.lang.AssertionError: expected [Alamanda] but found [ADIT TEST]
	at org.testng.Assert.fail(Assert.java:110)
	at org.testng.Assert.failNotEquals(Assert.java:1413)
	at org.testng.Assert.assertEqualsImpl(Assert.java:149)
	at org.testng.Assert.assertEquals(Assert.java:131)
	at org.testng.Assert.assertEquals(Assert.java:655)
	at org.testng.Assert.assertEquals(Assert.java:665)
	at cucumber.framework.runner.siloam.ttddigital.TestTTDPageKombinasiEmpat.siloam115_validasi_data_tersimpan_dan_form_ter_update(TestTTDPageKombinasiEmpat.java:127)
	at ✽.Siloam115 Validasi Data tersimpan dan form ter-update(file:///C:/Users/NEXSOFT/Documents/Project/TA_SQA/JuaraCoding/Alamanda/TA-SQUAD-ACF/TA-SQUAD-ACF/src/test/resources/features/siloam/115UpdateDataSalesEmpatKombinasi.feature:16)
</pre></div></td>
<td>2</td>
<td>cucumber.framework.runner.siloam.ttddigital.TandaTanganDigitalOutlineRunner@68c9133c</td></tr>
<tr>
<td title='cucumber.framework.runner.siloam.ttddigital.TandaTanganDigitalOutlineRunner.runScenario()'><b>runScenario</b><br>Test class: cucumber.framework.runner.siloam.ttddigital.TandaTanganDigitalOutlineRunner<br>Test method: Runs Cucumber Scenarios<br>Parameters: "Siloam115 Sales Update Data Empat Kombinasi", "Update Data Sales Empat Kombinasi"</td>
<td><div><pre>java.lang.AssertionError: expected [Alamanda] but found [ADIT TEST]
	at org.testng.Assert.fail(Assert.java:110)
	at org.testng.Assert.failNotEquals(Assert.java:1413)
	at org.testng.Assert.assertEqualsImpl(Assert.java:149)
	at org.testng.Assert.assertEquals(Assert.java:131)
	at org.testng.Assert.assertEquals(Assert.java:655)
	at org.testng.Assert.assertEquals(Assert.java:665)
	at cucumber.framework.runner.siloam.ttddigital.TestTTDPageKombinasiEmpat.siloam115_validasi_data_tersimpan_dan_form_ter_update(TestTTDPageKombinasiEmpat.java:127)
	at ✽.Siloam115 Validasi Data tersimpan dan form ter-update(file:///C:/Users/NEXSOFT/Documents/Project/TA_SQA/JuaraCoding/Alamanda/TA-SQUAD-ACF/TA-SQUAD-ACF/src/test/resources/features/siloam/115UpdateDataSalesEmpatKombinasi.feature:16)
</pre></div><a href='#' onClick='toggleBox("stack-trace674925270", this, "Click to show all stack frames", "Click to hide stack frames")'>Click to show all stack frames</a>
<div class='stack-trace' id='stack-trace674925270'><pre>java.lang.AssertionError: expected [Alamanda] but found [ADIT TEST]
	at org.testng.Assert.fail(Assert.java:110)
	at org.testng.Assert.failNotEquals(Assert.java:1413)
	at org.testng.Assert.assertEqualsImpl(Assert.java:149)
	at org.testng.Assert.assertEquals(Assert.java:131)
	at org.testng.Assert.assertEquals(Assert.java:655)
	at org.testng.Assert.assertEquals(Assert.java:665)
	at cucumber.framework.runner.siloam.ttddigital.TestTTDPageKombinasiEmpat.siloam115_validasi_data_tersimpan_dan_form_ter_update(TestTTDPageKombinasiEmpat.java:127)
	at ✽.Siloam115 Validasi Data tersimpan dan form ter-update(file:///C:/Users/NEXSOFT/Documents/Project/TA_SQA/JuaraCoding/Alamanda/TA-SQUAD-ACF/TA-SQUAD-ACF/src/test/resources/features/siloam/115UpdateDataSalesEmpatKombinasi.feature:16)
</pre></div></td>
<td>2</td>
<td>cucumber.framework.runner.siloam.ttddigital.TandaTanganDigitalOutlineRunner@68c9133c</td></tr>
<tr>
<td title='cucumber.framework.runner.siloam.ttddigital.TandaTanganDigitalOutlineRunner.runScenario()'><b>runScenario</b><br>Test class: cucumber.framework.runner.siloam.ttddigital.TandaTanganDigitalOutlineRunner<br>Test method: Runs Cucumber Scenarios<br>Parameters: "Siloam115 Sales Update Data Empat Kombinasi", "Update Data Sales Empat Kombinasi"</td>
<td><div><pre>java.lang.AssertionError: expected [Alamanda] but found [ADIT TEST]
	at org.testng.Assert.fail(Assert.java:110)
	at org.testng.Assert.failNotEquals(Assert.java:1413)
	at org.testng.Assert.assertEqualsImpl(Assert.java:149)
	at org.testng.Assert.assertEquals(Assert.java:131)
	at org.testng.Assert.assertEquals(Assert.java:655)
	at org.testng.Assert.assertEquals(Assert.java:665)
	at cucumber.framework.runner.siloam.ttddigital.TestTTDPageKombinasiEmpat.siloam115_validasi_data_tersimpan_dan_form_ter_update(TestTTDPageKombinasiEmpat.java:127)
	at ✽.Siloam115 Validasi Data tersimpan dan form ter-update(file:///C:/Users/NEXSOFT/Documents/Project/TA_SQA/JuaraCoding/Alamanda/TA-SQUAD-ACF/TA-SQUAD-ACF/src/test/resources/features/siloam/115UpdateDataSalesEmpatKombinasi.feature:16)
</pre></div><a href='#' onClick='toggleBox("stack-trace1341781781", this, "Click to show all stack frames", "Click to hide stack frames")'>Click to show all stack frames</a>
<div class='stack-trace' id='stack-trace1341781781'><pre>java.lang.AssertionError: expected [Alamanda] but found [ADIT TEST]
	at org.testng.Assert.fail(Assert.java:110)
	at org.testng.Assert.failNotEquals(Assert.java:1413)
	at org.testng.Assert.assertEqualsImpl(Assert.java:149)
	at org.testng.Assert.assertEquals(Assert.java:131)
	at org.testng.Assert.assertEquals(Assert.java:655)
	at org.testng.Assert.assertEquals(Assert.java:665)
	at cucumber.framework.runner.siloam.ttddigital.TestTTDPageKombinasiEmpat.siloam115_validasi_data_tersimpan_dan_form_ter_update(TestTTDPageKombinasiEmpat.java:127)
	at ✽.Siloam115 Validasi Data tersimpan dan form ter-update(file:///C:/Users/NEXSOFT/Documents/Project/TA_SQA/JuaraCoding/Alamanda/TA-SQUAD-ACF/TA-SQUAD-ACF/src/test/resources/features/siloam/115UpdateDataSalesEmpatKombinasi.feature:16)
</pre></div></td>
<td>3</td>
<td>cucumber.framework.runner.siloam.ttddigital.TandaTanganDigitalOutlineRunner@68c9133c</td></tr>
<tr>
<td title='cucumber.framework.runner.siloam.ttddigital.TandaTanganDigitalOutlineRunner.runScenario()'><b>runScenario</b><br>Test class: cucumber.framework.runner.siloam.ttddigital.TandaTanganDigitalOutlineRunner<br>Test method: Runs Cucumber Scenarios<br>Parameters: "Siloam115 Sales Update Data Empat Kombinasi", "Update Data Sales Empat Kombinasi"</td>
<td><div><pre>java.lang.AssertionError: expected [Alamanda] but found [ADIT TEST]
	at org.testng.Assert.fail(Assert.java:110)
	at org.testng.Assert.failNotEquals(Assert.java:1413)
	at org.testng.Assert.assertEqualsImpl(Assert.java:149)
	at org.testng.Assert.assertEquals(Assert.java:131)
	at org.testng.Assert.assertEquals(Assert.java:655)
	at org.testng.Assert.assertEquals(Assert.java:665)
	at cucumber.framework.runner.siloam.ttddigital.TestTTDPageKombinasiEmpat.siloam115_validasi_data_tersimpan_dan_form_ter_update(TestTTDPageKombinasiEmpat.java:127)
	at ✽.Siloam115 Validasi Data tersimpan dan form ter-update(file:///C:/Users/NEXSOFT/Documents/Project/TA_SQA/JuaraCoding/Alamanda/TA-SQUAD-ACF/TA-SQUAD-ACF/src/test/resources/features/siloam/115UpdateDataSalesEmpatKombinasi.feature:16)
</pre></div><a href='#' onClick='toggleBox("stack-trace1320452760", this, "Click to show all stack frames", "Click to hide stack frames")'>Click to show all stack frames</a>
<div class='stack-trace' id='stack-trace1320452760'><pre>java.lang.AssertionError: expected [Alamanda] but found [ADIT TEST]
	at org.testng.Assert.fail(Assert.java:110)
	at org.testng.Assert.failNotEquals(Assert.java:1413)
	at org.testng.Assert.assertEqualsImpl(Assert.java:149)
	at org.testng.Assert.assertEquals(Assert.java:131)
	at org.testng.Assert.assertEquals(Assert.java:655)
	at org.testng.Assert.assertEquals(Assert.java:665)
	at cucumber.framework.runner.siloam.ttddigital.TestTTDPageKombinasiEmpat.siloam115_validasi_data_tersimpan_dan_form_ter_update(TestTTDPageKombinasiEmpat.java:127)
	at ✽.Siloam115 Validasi Data tersimpan dan form ter-update(file:///C:/Users/NEXSOFT/Documents/Project/TA_SQA/JuaraCoding/Alamanda/TA-SQUAD-ACF/TA-SQUAD-ACF/src/test/resources/features/siloam/115UpdateDataSalesEmpatKombinasi.feature:16)
</pre></div></td>
<td>2</td>
<td>cucumber.framework.runner.siloam.ttddigital.TandaTanganDigitalOutlineRunner@68c9133c</td></tr>
<tr>
<td title='cucumber.framework.runner.siloam.ttddigital.TandaTanganDigitalOutlineRunner.runScenario()'><b>runScenario</b><br>Test class: cucumber.framework.runner.siloam.ttddigital.TandaTanganDigitalOutlineRunner<br>Test method: Runs Cucumber Scenarios<br>Parameters: "Siloam115 Sales Update Data Empat Kombinasi", "Update Data Sales Empat Kombinasi"</td>
<td><div><pre>java.lang.AssertionError: expected [Alamanda] but found [ADIT TEST]
	at org.testng.Assert.fail(Assert.java:110)
	at org.testng.Assert.failNotEquals(Assert.java:1413)
	at org.testng.Assert.assertEqualsImpl(Assert.java:149)
	at org.testng.Assert.assertEquals(Assert.java:131)
	at org.testng.Assert.assertEquals(Assert.java:655)
	at org.testng.Assert.assertEquals(Assert.java:665)
	at cucumber.framework.runner.siloam.ttddigital.TestTTDPageKombinasiEmpat.siloam115_validasi_data_tersimpan_dan_form_ter_update(TestTTDPageKombinasiEmpat.java:127)
	at ✽.Siloam115 Validasi Data tersimpan dan form ter-update(file:///C:/Users/NEXSOFT/Documents/Project/TA_SQA/JuaraCoding/Alamanda/TA-SQUAD-ACF/TA-SQUAD-ACF/src/test/resources/features/siloam/115UpdateDataSalesEmpatKombinasi.feature:16)
</pre></div><a href='#' onClick='toggleBox("stack-trace612681832", this, "Click to show all stack frames", "Click to hide stack frames")'>Click to show all stack frames</a>
<div class='stack-trace' id='stack-trace612681832'><pre>java.lang.AssertionError: expected [Alamanda] but found [ADIT TEST]
	at org.testng.Assert.fail(Assert.java:110)
	at org.testng.Assert.failNotEquals(Assert.java:1413)
	at org.testng.Assert.assertEqualsImpl(Assert.java:149)
	at org.testng.Assert.assertEquals(Assert.java:131)
	at org.testng.Assert.assertEquals(Assert.java:655)
	at org.testng.Assert.assertEquals(Assert.java:665)
	at cucumber.framework.runner.siloam.ttddigital.TestTTDPageKombinasiEmpat.siloam115_validasi_data_tersimpan_dan_form_ter_update(TestTTDPageKombinasiEmpat.java:127)
	at ✽.Siloam115 Validasi Data tersimpan dan form ter-update(file:///C:/Users/NEXSOFT/Documents/Project/TA_SQA/JuaraCoding/Alamanda/TA-SQUAD-ACF/TA-SQUAD-ACF/src/test/resources/features/siloam/115UpdateDataSalesEmpatKombinasi.feature:16)
</pre></div></td>
<td>2</td>
<td>cucumber.framework.runner.siloam.ttddigital.TandaTanganDigitalOutlineRunner@68c9133c</td></tr>
<tr>
<td title='cucumber.framework.runner.siloam.ttddigital.TandaTanganDigitalOutlineRunner.runScenario()'><b>runScenario</b><br>Test class: cucumber.framework.runner.siloam.ttddigital.TandaTanganDigitalOutlineRunner<br>Test method: Runs Cucumber Scenarios<br>Parameters: "Siloam115 Sales Update Data Empat Kombinasi", "Update Data Sales Empat Kombinasi"</td>
<td><div><pre>java.lang.AssertionError: expected [Alamanda] but found [ADIT TEST]
	at org.testng.Assert.fail(Assert.java:110)
	at org.testng.Assert.failNotEquals(Assert.java:1413)
	at org.testng.Assert.assertEqualsImpl(Assert.java:149)
	at org.testng.Assert.assertEquals(Assert.java:131)
	at org.testng.Assert.assertEquals(Assert.java:655)
	at org.testng.Assert.assertEquals(Assert.java:665)
	at cucumber.framework.runner.siloam.ttddigital.TestTTDPageKombinasiEmpat.siloam115_validasi_data_tersimpan_dan_form_ter_update(TestTTDPageKombinasiEmpat.java:127)
	at ✽.Siloam115 Validasi Data tersimpan dan form ter-update(file:///C:/Users/NEXSOFT/Documents/Project/TA_SQA/JuaraCoding/Alamanda/TA-SQUAD-ACF/TA-SQUAD-ACF/src/test/resources/features/siloam/115UpdateDataSalesEmpatKombinasi.feature:16)
</pre></div><a href='#' onClick='toggleBox("stack-trace1960277755", this, "Click to show all stack frames", "Click to hide stack frames")'>Click to show all stack frames</a>
<div class='stack-trace' id='stack-trace1960277755'><pre>java.lang.AssertionError: expected [Alamanda] but found [ADIT TEST]
	at org.testng.Assert.fail(Assert.java:110)
	at org.testng.Assert.failNotEquals(Assert.java:1413)
	at org.testng.Assert.assertEqualsImpl(Assert.java:149)
	at org.testng.Assert.assertEquals(Assert.java:131)
	at org.testng.Assert.assertEquals(Assert.java:655)
	at org.testng.Assert.assertEquals(Assert.java:665)
	at cucumber.framework.runner.siloam.ttddigital.TestTTDPageKombinasiEmpat.siloam115_validasi_data_tersimpan_dan_form_ter_update(TestTTDPageKombinasiEmpat.java:127)
	at ✽.Siloam115 Validasi Data tersimpan dan form ter-update(file:///C:/Users/NEXSOFT/Documents/Project/TA_SQA/JuaraCoding/Alamanda/TA-SQUAD-ACF/TA-SQUAD-ACF/src/test/resources/features/siloam/115UpdateDataSalesEmpatKombinasi.feature:16)
</pre></div></td>
<td>2</td>
<td>cucumber.framework.runner.siloam.ttddigital.TandaTanganDigitalOutlineRunner@68c9133c</td></tr>
<tr>
<td title='cucumber.framework.runner.siloam.ttddigital.TandaTanganDigitalOutlineRunner.runScenario()'><b>runScenario</b><br>Test class: cucumber.framework.runner.siloam.ttddigital.TandaTanganDigitalOutlineRunner<br>Test method: Runs Cucumber Scenarios<br>Parameters: "Siloam115 Sales Update Data Empat Kombinasi", "Update Data Sales Empat Kombinasi"</td>
<td><div><pre>java.lang.AssertionError: expected [Alamanda] but found [ADIT TEST]
	at org.testng.Assert.fail(Assert.java:110)
	at org.testng.Assert.failNotEquals(Assert.java:1413)
	at org.testng.Assert.assertEqualsImpl(Assert.java:149)
	at org.testng.Assert.assertEquals(Assert.java:131)
	at org.testng.Assert.assertEquals(Assert.java:655)
	at org.testng.Assert.assertEquals(Assert.java:665)
	at cucumber.framework.runner.siloam.ttddigital.TestTTDPageKombinasiEmpat.siloam115_validasi_data_tersimpan_dan_form_ter_update(TestTTDPageKombinasiEmpat.java:127)
	at ✽.Siloam115 Validasi Data tersimpan dan form ter-update(file:///C:/Users/NEXSOFT/Documents/Project/TA_SQA/JuaraCoding/Alamanda/TA-SQUAD-ACF/TA-SQUAD-ACF/src/test/resources/features/siloam/115UpdateDataSalesEmpatKombinasi.feature:16)
</pre></div><a href='#' onClick='toggleBox("stack-trace396875464", this, "Click to show all stack frames", "Click to hide stack frames")'>Click to show all stack frames</a>
<div class='stack-trace' id='stack-trace396875464'><pre>java.lang.AssertionError: expected [Alamanda] but found [ADIT TEST]
	at org.testng.Assert.fail(Assert.java:110)
	at org.testng.Assert.failNotEquals(Assert.java:1413)
	at org.testng.Assert.assertEqualsImpl(Assert.java:149)
	at org.testng.Assert.assertEquals(Assert.java:131)
	at org.testng.Assert.assertEquals(Assert.java:655)
	at org.testng.Assert.assertEquals(Assert.java:665)
	at cucumber.framework.runner.siloam.ttddigital.TestTTDPageKombinasiEmpat.siloam115_validasi_data_tersimpan_dan_form_ter_update(TestTTDPageKombinasiEmpat.java:127)
	at ✽.Siloam115 Validasi Data tersimpan dan form ter-update(file:///C:/Users/NEXSOFT/Documents/Project/TA_SQA/JuaraCoding/Alamanda/TA-SQUAD-ACF/TA-SQUAD-ACF/src/test/resources/features/siloam/115UpdateDataSalesEmpatKombinasi.feature:16)
</pre></div></td>
<td>3</td>
<td>cucumber.framework.runner.siloam.ttddigital.TandaTanganDigitalOutlineRunner@68c9133c</td></tr>
<tr>
<td title='cucumber.framework.runner.siloam.ttddigital.TandaTanganDigitalOutlineRunner.runScenario()'><b>runScenario</b><br>Test class: cucumber.framework.runner.siloam.ttddigital.TandaTanganDigitalOutlineRunner<br>Test method: Runs Cucumber Scenarios<br>Parameters: "Siloam115 Sales Update Data Empat Kombinasi", "Update Data Sales Empat Kombinasi"</td>
<td><div><pre>java.lang.AssertionError: expected [Alamanda] but found [ADIT TEST]
	at org.testng.Assert.fail(Assert.java:110)
	at org.testng.Assert.failNotEquals(Assert.java:1413)
	at org.testng.Assert.assertEqualsImpl(Assert.java:149)
	at org.testng.Assert.assertEquals(Assert.java:131)
	at org.testng.Assert.assertEquals(Assert.java:655)
	at org.testng.Assert.assertEquals(Assert.java:665)
	at cucumber.framework.runner.siloam.ttddigital.TestTTDPageKombinasiEmpat.siloam115_validasi_data_tersimpan_dan_form_ter_update(TestTTDPageKombinasiEmpat.java:127)
	at ✽.Siloam115 Validasi Data tersimpan dan form ter-update(file:///C:/Users/NEXSOFT/Documents/Project/TA_SQA/JuaraCoding/Alamanda/TA-SQUAD-ACF/TA-SQUAD-ACF/src/test/resources/features/siloam/115UpdateDataSalesEmpatKombinasi.feature:16)
</pre></div><a href='#' onClick='toggleBox("stack-trace1640299572", this, "Click to show all stack frames", "Click to hide stack frames")'>Click to show all stack frames</a>
<div class='stack-trace' id='stack-trace1640299572'><pre>java.lang.AssertionError: expected [Alamanda] but found [ADIT TEST]
	at org.testng.Assert.fail(Assert.java:110)
	at org.testng.Assert.failNotEquals(Assert.java:1413)
	at org.testng.Assert.assertEqualsImpl(Assert.java:149)
	at org.testng.Assert.assertEquals(Assert.java:131)
	at org.testng.Assert.assertEquals(Assert.java:655)
	at org.testng.Assert.assertEquals(Assert.java:665)
	at cucumber.framework.runner.siloam.ttddigital.TestTTDPageKombinasiEmpat.siloam115_validasi_data_tersimpan_dan_form_ter_update(TestTTDPageKombinasiEmpat.java:127)
	at ✽.Siloam115 Validasi Data tersimpan dan form ter-update(file:///C:/Users/NEXSOFT/Documents/Project/TA_SQA/JuaraCoding/Alamanda/TA-SQUAD-ACF/TA-SQUAD-ACF/src/test/resources/features/siloam/115UpdateDataSalesEmpatKombinasi.feature:16)
</pre></div></td>
<td>2</td>
<td>cucumber.framework.runner.siloam.ttddigital.TandaTanganDigitalOutlineRunner@68c9133c</td></tr>
<tr>
<td title='cucumber.framework.runner.siloam.ttddigital.TandaTanganDigitalOutlineRunner.runScenario()'><b>runScenario</b><br>Test class: cucumber.framework.runner.siloam.ttddigital.TandaTanganDigitalOutlineRunner<br>Test method: Runs Cucumber Scenarios<br>Parameters: "Siloam115 Sales Update Data Empat Kombinasi", "Update Data Sales Empat Kombinasi"</td>
<td><div><pre>java.lang.AssertionError: expected [Alamanda] but found [ADIT TEST]
	at org.testng.Assert.fail(Assert.java:110)
	at org.testng.Assert.failNotEquals(Assert.java:1413)
	at org.testng.Assert.assertEqualsImpl(Assert.java:149)
	at org.testng.Assert.assertEquals(Assert.java:131)
	at org.testng.Assert.assertEquals(Assert.java:655)
	at org.testng.Assert.assertEquals(Assert.java:665)
	at cucumber.framework.runner.siloam.ttddigital.TestTTDPageKombinasiEmpat.siloam115_validasi_data_tersimpan_dan_form_ter_update(TestTTDPageKombinasiEmpat.java:127)
	at ✽.Siloam115 Validasi Data tersimpan dan form ter-update(file:///C:/Users/NEXSOFT/Documents/Project/TA_SQA/JuaraCoding/Alamanda/TA-SQUAD-ACF/TA-SQUAD-ACF/src/test/resources/features/siloam/115UpdateDataSalesEmpatKombinasi.feature:16)
</pre></div><a href='#' onClick='toggleBox("stack-trace414915464", this, "Click to show all stack frames", "Click to hide stack frames")'>Click to show all stack frames</a>
<div class='stack-trace' id='stack-trace414915464'><pre>java.lang.AssertionError: expected [Alamanda] but found [ADIT TEST]
	at org.testng.Assert.fail(Assert.java:110)
	at org.testng.Assert.failNotEquals(Assert.java:1413)
	at org.testng.Assert.assertEqualsImpl(Assert.java:149)
	at org.testng.Assert.assertEquals(Assert.java:131)
	at org.testng.Assert.assertEquals(Assert.java:655)
	at org.testng.Assert.assertEquals(Assert.java:665)
	at cucumber.framework.runner.siloam.ttddigital.TestTTDPageKombinasiEmpat.siloam115_validasi_data_tersimpan_dan_form_ter_update(TestTTDPageKombinasiEmpat.java:127)
	at ✽.Siloam115 Validasi Data tersimpan dan form ter-update(file:///C:/Users/NEXSOFT/Documents/Project/TA_SQA/JuaraCoding/Alamanda/TA-SQUAD-ACF/TA-SQUAD-ACF/src/test/resources/features/siloam/115UpdateDataSalesEmpatKombinasi.feature:16)
</pre></div></td>
<td>2</td>
<td>cucumber.framework.runner.siloam.ttddigital.TandaTanganDigitalOutlineRunner@68c9133c</td></tr>
<tr>
<td title='cucumber.framework.runner.siloam.ttddigital.TandaTanganDigitalOutlineRunner.runScenario()'><b>runScenario</b><br>Test class: cucumber.framework.runner.siloam.ttddigital.TandaTanganDigitalOutlineRunner<br>Test method: Runs Cucumber Scenarios<br>Parameters: "Siloam115 Sales Update Data Empat Kombinasi", "Update Data Sales Empat Kombinasi"</td>
<td><div><pre>java.lang.AssertionError: expected [Alamanda] but found [ADIT TEST]
	at org.testng.Assert.fail(Assert.java:110)
	at org.testng.Assert.failNotEquals(Assert.java:1413)
	at org.testng.Assert.assertEqualsImpl(Assert.java:149)
	at org.testng.Assert.assertEquals(Assert.java:131)
	at org.testng.Assert.assertEquals(Assert.java:655)
	at org.testng.Assert.assertEquals(Assert.java:665)
	at cucumber.framework.runner.siloam.ttddigital.TestTTDPageKombinasiEmpat.siloam115_validasi_data_tersimpan_dan_form_ter_update(TestTTDPageKombinasiEmpat.java:127)
	at ✽.Siloam115 Validasi Data tersimpan dan form ter-update(file:///C:/Users/NEXSOFT/Documents/Project/TA_SQA/JuaraCoding/Alamanda/TA-SQUAD-ACF/TA-SQUAD-ACF/src/test/resources/features/siloam/115UpdateDataSalesEmpatKombinasi.feature:16)
</pre></div><a href='#' onClick='toggleBox("stack-trace197437872", this, "Click to show all stack frames", "Click to hide stack frames")'>Click to show all stack frames</a>
<div class='stack-trace' id='stack-trace197437872'><pre>java.lang.AssertionError: expected [Alamanda] but found [ADIT TEST]
	at org.testng.Assert.fail(Assert.java:110)
	at org.testng.Assert.failNotEquals(Assert.java:1413)
	at org.testng.Assert.assertEqualsImpl(Assert.java:149)
	at org.testng.Assert.assertEquals(Assert.java:131)
	at org.testng.Assert.assertEquals(Assert.java:655)
	at org.testng.Assert.assertEquals(Assert.java:665)
	at cucumber.framework.runner.siloam.ttddigital.TestTTDPageKombinasiEmpat.siloam115_validasi_data_tersimpan_dan_form_ter_update(TestTTDPageKombinasiEmpat.java:127)
	at ✽.Siloam115 Validasi Data tersimpan dan form ter-update(file:///C:/Users/NEXSOFT/Documents/Project/TA_SQA/JuaraCoding/Alamanda/TA-SQUAD-ACF/TA-SQUAD-ACF/src/test/resources/features/siloam/115UpdateDataSalesEmpatKombinasi.feature:16)
</pre></div></td>
<td>3</td>
<td>cucumber.framework.runner.siloam.ttddigital.TandaTanganDigitalOutlineRunner@68c9133c</td></tr>
<tr>
<td title='cucumber.framework.runner.siloam.ttddigital.TandaTanganDigitalOutlineRunner.runScenario()'><b>runScenario</b><br>Test class: cucumber.framework.runner.siloam.ttddigital.TandaTanganDigitalOutlineRunner<br>Test method: Runs Cucumber Scenarios<br>Parameters: "Siloam115 Sales Update Data Empat Kombinasi", "Update Data Sales Empat Kombinasi"</td>
<td><div><pre>java.lang.AssertionError: expected [Alamanda] but found [ADIT TEST]
	at org.testng.Assert.fail(Assert.java:110)
	at org.testng.Assert.failNotEquals(Assert.java:1413)
	at org.testng.Assert.assertEqualsImpl(Assert.java:149)
	at org.testng.Assert.assertEquals(Assert.java:131)
	at org.testng.Assert.assertEquals(Assert.java:655)
	at org.testng.Assert.assertEquals(Assert.java:665)
	at cucumber.framework.runner.siloam.ttddigital.TestTTDPageKombinasiEmpat.siloam115_validasi_data_tersimpan_dan_form_ter_update(TestTTDPageKombinasiEmpat.java:127)
	at ✽.Siloam115 Validasi Data tersimpan dan form ter-update(file:///C:/Users/NEXSOFT/Documents/Project/TA_SQA/JuaraCoding/Alamanda/TA-SQUAD-ACF/TA-SQUAD-ACF/src/test/resources/features/siloam/115UpdateDataSalesEmpatKombinasi.feature:16)
</pre></div><a href='#' onClick='toggleBox("stack-trace53188062", this, "Click to show all stack frames", "Click to hide stack frames")'>Click to show all stack frames</a>
<div class='stack-trace' id='stack-trace53188062'><pre>java.lang.AssertionError: expected [Alamanda] but found [ADIT TEST]
	at org.testng.Assert.fail(Assert.java:110)
	at org.testng.Assert.failNotEquals(Assert.java:1413)
	at org.testng.Assert.assertEqualsImpl(Assert.java:149)
	at org.testng.Assert.assertEquals(Assert.java:131)
	at org.testng.Assert.assertEquals(Assert.java:655)
	at org.testng.Assert.assertEquals(Assert.java:665)
	at cucumber.framework.runner.siloam.ttddigital.TestTTDPageKombinasiEmpat.siloam115_validasi_data_tersimpan_dan_form_ter_update(TestTTDPageKombinasiEmpat.java:127)
	at ✽.Siloam115 Validasi Data tersimpan dan form ter-update(file:///C:/Users/NEXSOFT/Documents/Project/TA_SQA/JuaraCoding/Alamanda/TA-SQUAD-ACF/TA-SQUAD-ACF/src/test/resources/features/siloam/115UpdateDataSalesEmpatKombinasi.feature:16)
</pre></div></td>
<td>2</td>
<td>cucumber.framework.runner.siloam.ttddigital.TandaTanganDigitalOutlineRunner@68c9133c</td></tr>
<tr>
<td title='cucumber.framework.runner.siloam.ttddigital.TandaTanganDigitalOutlineRunner.runScenario()'><b>runScenario</b><br>Test class: cucumber.framework.runner.siloam.ttddigital.TandaTanganDigitalOutlineRunner<br>Test method: Runs Cucumber Scenarios<br>Parameters: "Siloam115 Sales Update Data Empat Kombinasi", "Update Data Sales Empat Kombinasi"</td>
<td><div><pre>java.lang.AssertionError: expected [Alamanda] but found [ADIT TEST]
	at org.testng.Assert.fail(Assert.java:110)
	at org.testng.Assert.failNotEquals(Assert.java:1413)
	at org.testng.Assert.assertEqualsImpl(Assert.java:149)
	at org.testng.Assert.assertEquals(Assert.java:131)
	at org.testng.Assert.assertEquals(Assert.java:655)
	at org.testng.Assert.assertEquals(Assert.java:665)
	at cucumber.framework.runner.siloam.ttddigital.TestTTDPageKombinasiEmpat.siloam115_validasi_data_tersimpan_dan_form_ter_update(TestTTDPageKombinasiEmpat.java:127)
	at ✽.Siloam115 Validasi Data tersimpan dan form ter-update(file:///C:/Users/NEXSOFT/Documents/Project/TA_SQA/JuaraCoding/Alamanda/TA-SQUAD-ACF/TA-SQUAD-ACF/src/test/resources/features/siloam/115UpdateDataSalesEmpatKombinasi.feature:16)
</pre></div><a href='#' onClick='toggleBox("stack-trace203148961", this, "Click to show all stack frames", "Click to hide stack frames")'>Click to show all stack frames</a>
<div class='stack-trace' id='stack-trace203148961'><pre>java.lang.AssertionError: expected [Alamanda] but found [ADIT TEST]
	at org.testng.Assert.fail(Assert.java:110)
	at org.testng.Assert.failNotEquals(Assert.java:1413)
	at org.testng.Assert.assertEqualsImpl(Assert.java:149)
	at org.testng.Assert.assertEquals(Assert.java:131)
	at org.testng.Assert.assertEquals(Assert.java:655)
	at org.testng.Assert.assertEquals(Assert.java:665)
	at cucumber.framework.runner.siloam.ttddigital.TestTTDPageKombinasiEmpat.siloam115_validasi_data_tersimpan_dan_form_ter_update(TestTTDPageKombinasiEmpat.java:127)
	at ✽.Siloam115 Validasi Data tersimpan dan form ter-update(file:///C:/Users/NEXSOFT/Documents/Project/TA_SQA/JuaraCoding/Alamanda/TA-SQUAD-ACF/TA-SQUAD-ACF/src/test/resources/features/siloam/115UpdateDataSalesEmpatKombinasi.feature:16)
</pre></div></td>
<td>2</td>
<td>cucumber.framework.runner.siloam.ttddigital.TandaTanganDigitalOutlineRunner@68c9133c</td></tr>
</table><p>
<table width='100%' border='1' class='invocation-passed'>
<tr><td colspan='4' align='center'><b>PASSED TESTS</b></td></tr>
<tr><td><b>Test method</b></td>
<td><b>Attribute(s)</b></td>
<td width="30%"><b>Exception</b></td>
<td width="10%"><b>Time (seconds)</b></td>
<td><b>Instance</b></td>
</tr>
<tr>
<td title='cucumber.framework.runner.siloam.ttddigital.TandaTanganDigitalOutlineRunner.runScenario()'><b>runScenario</b><br>Test class: cucumber.framework.runner.siloam.ttddigital.TandaTanganDigitalOutlineRunner<br>Test method: Runs Cucumber Scenarios<br>Parameters: "Siloam115 Sales Update Data Empat Kombinasi", "Update Data Sales Empat Kombinasi"</td>
<td></td>
<td>2</td>
<td>cucumber.framework.runner.siloam.ttddigital.TandaTanganDigitalOutlineRunner@68c9133c</td></tr>
<tr>
<td title='cucumber.framework.runner.siloam.ttddigital.TandaTanganDigitalOutlineRunner.runScenario()'><b>runScenario</b><br>Test class: cucumber.framework.runner.siloam.ttddigital.TandaTanganDigitalOutlineRunner<br>Test method: Runs Cucumber Scenarios<br>Parameters: "Siloam115 Sales Update Data Empat Kombinasi", "Update Data Sales Empat Kombinasi"</td>
<td></td>
<td>1</td>
<td>cucumber.framework.runner.siloam.ttddigital.TandaTanganDigitalOutlineRunner@68c9133c</td></tr>
<tr>
<td title='cucumber.framework.runner.siloam.ttddigital.TandaTanganDigitalOutlineRunner.runScenario()'><b>runScenario</b><br>Test class: cucumber.framework.runner.siloam.ttddigital.TandaTanganDigitalOutlineRunner<br>Test method: Runs Cucumber Scenarios<br>Parameters: "Siloam115 Sales Update Data Empat Kombinasi", "Update Data Sales Empat Kombinasi"</td>
<td></td>
<td>1</td>
<td>cucumber.framework.runner.siloam.ttddigital.TandaTanganDigitalOutlineRunner@68c9133c</td></tr>
<tr>
<td title='cucumber.framework.runner.siloam.ttddigital.TandaTanganDigitalOutlineRunner.runScenario()'><b>runScenario</b><br>Test class: cucumber.framework.runner.siloam.ttddigital.TandaTanganDigitalOutlineRunner<br>Test method: Runs Cucumber Scenarios<br>Parameters: "Siloam115 Sales Update Data Empat Kombinasi", "Update Data Sales Empat Kombinasi"</td>
<td></td>
<td>1</td>
<td>cucumber.framework.runner.siloam.ttddigital.TandaTanganDigitalOutlineRunner@68c9133c</td></tr>
<tr>
<td title='cucumber.framework.runner.siloam.ttddigital.TandaTanganDigitalOutlineRunner.runScenario()'><b>runScenario</b><br>Test class: cucumber.framework.runner.siloam.ttddigital.TandaTanganDigitalOutlineRunner<br>Test method: Runs Cucumber Scenarios<br>Parameters: "Siloam115 Sales Update Data Empat Kombinasi", "Update Data Sales Empat Kombinasi"</td>
<td></td>
<td>2</td>
<td>cucumber.framework.runner.siloam.ttddigital.TandaTanganDigitalOutlineRunner@68c9133c</td></tr>
<tr>
<td title='cucumber.framework.runner.siloam.ttddigital.TandaTanganDigitalOutlineRunner.runScenario()'><b>runScenario</b><br>Test class: cucumber.framework.runner.siloam.ttddigital.TandaTanganDigitalOutlineRunner<br>Test method: Runs Cucumber Scenarios<br>Parameters: "Siloam115 Sales Update Data Empat Kombinasi", "Update Data Sales Empat Kombinasi"</td>
<td></td>
<td>3</td>
<td>cucumber.framework.runner.siloam.ttddigital.TandaTanganDigitalOutlineRunner@68c9133c</td></tr>
<tr>
<td title='cucumber.framework.runner.siloam.ttddigital.TandaTanganDigitalOutlineRunner.runScenario()'><b>runScenario</b><br>Test class: cucumber.framework.runner.siloam.ttddigital.TandaTanganDigitalOutlineRunner<br>Test method: Runs Cucumber Scenarios<br>Parameters: "Siloam115 Sales Update Data Empat Kombinasi", "Update Data Sales Empat Kombinasi"</td>
<td></td>
<td>13</td>
<td>cucumber.framework.runner.siloam.ttddigital.TandaTanganDigitalOutlineRunner@68c9133c</td></tr>
<tr>
<td title='cucumber.framework.runner.siloam.ttddigital.TandaTanganDigitalOutlineRunner.runScenario()'><b>runScenario</b><br>Test class: cucumber.framework.runner.siloam.ttddigital.TandaTanganDigitalOutlineRunner<br>Test method: Runs Cucumber Scenarios<br>Parameters: "Siloam115 Sales Update Data Empat Kombinasi", "Update Data Sales Empat Kombinasi"</td>
<td></td>
<td>2</td>
<td>cucumber.framework.runner.siloam.ttddigital.TandaTanganDigitalOutlineRunner@68c9133c</td></tr>
<tr>
<td title='cucumber.framework.runner.siloam.ttddigital.TandaTanganDigitalOutlineRunner.runScenario()'><b>runScenario</b><br>Test class: cucumber.framework.runner.siloam.ttddigital.TandaTanganDigitalOutlineRunner<br>Test method: Runs Cucumber Scenarios<br>Parameters: "Siloam115 Sales Update Data Empat Kombinasi", "Update Data Sales Empat Kombinasi"</td>
<td></td>
<td>1</td>
<td>cucumber.framework.runner.siloam.ttddigital.TandaTanganDigitalOutlineRunner@68c9133c</td></tr>
<tr>
<td title='cucumber.framework.runner.siloam.ttddigital.TandaTanganDigitalOutlineRunner.runScenario()'><b>runScenario</b><br>Test class: cucumber.framework.runner.siloam.ttddigital.TandaTanganDigitalOutlineRunner<br>Test method: Runs Cucumber Scenarios<br>Parameters: "Siloam115 Sales Update Data Empat Kombinasi", "Update Data Sales Empat Kombinasi"</td>
<td></td>
<td>6</td>
<td>cucumber.framework.runner.siloam.ttddigital.TandaTanganDigitalOutlineRunner@68c9133c</td></tr>
<tr>
<td title='cucumber.framework.runner.siloam.ttddigital.TandaTanganDigitalOutlineRunner.runScenario()'><b>runScenario</b><br>Test class: cucumber.framework.runner.siloam.ttddigital.TandaTanganDigitalOutlineRunner<br>Test method: Runs Cucumber Scenarios<br>Parameters: "Siloam115 Sales Update Data Empat Kombinasi", "Update Data Sales Empat Kombinasi"</td>
<td></td>
<td>2</td>
<td>cucumber.framework.runner.siloam.ttddigital.TandaTanganDigitalOutlineRunner@68c9133c</td></tr>
<tr>
<td title='cucumber.framework.runner.siloam.ttddigital.TandaTanganDigitalOutlineRunner.runScenario()'><b>runScenario</b><br>Test class: cucumber.framework.runner.siloam.ttddigital.TandaTanganDigitalOutlineRunner<br>Test method: Runs Cucumber Scenarios<br>Parameters: "Siloam115 Sales Update Data Empat Kombinasi", "Update Data Sales Empat Kombinasi"</td>
<td></td>
<td>2</td>
<td>cucumber.framework.runner.siloam.ttddigital.TandaTanganDigitalOutlineRunner@68c9133c</td></tr>
<tr>
<td title='cucumber.framework.runner.siloam.ttddigital.TandaTanganDigitalOutlineRunner.runScenario()'><b>runScenario</b><br>Test class: cucumber.framework.runner.siloam.ttddigital.TandaTanganDigitalOutlineRunner<br>Test method: Runs Cucumber Scenarios<br>Parameters: "Siloam115 Sales Update Data Empat Kombinasi", "Update Data Sales Empat Kombinasi"</td>
<td></td>
<td>71</td>
<td>cucumber.framework.runner.siloam.ttddigital.TandaTanganDigitalOutlineRunner@68c9133c</td></tr>
<tr>
<td title='cucumber.framework.runner.siloam.ttddigital.TandaTanganDigitalOutlineRunner.runScenario()'><b>runScenario</b><br>Test class: cucumber.framework.runner.siloam.ttddigital.TandaTanganDigitalOutlineRunner<br>Test method: Runs Cucumber Scenarios<br>Parameters: "Siloam115 Sales Update Data Empat Kombinasi", "Update Data Sales Empat Kombinasi"</td>
<td></td>
<td>2</td>
<td>cucumber.framework.runner.siloam.ttddigital.TandaTanganDigitalOutlineRunner@68c9133c</td></tr>
<tr>
<td title='cucumber.framework.runner.siloam.ttddigital.TandaTanganDigitalOutlineRunner.runScenario()'><b>runScenario</b><br>Test class: cucumber.framework.runner.siloam.ttddigital.TandaTanganDigitalOutlineRunner<br>Test method: Runs Cucumber Scenarios<br>Parameters: "Siloam115 Sales Update Data Empat Kombinasi", "Update Data Sales Empat Kombinasi"</td>
<td></td>
<td>2</td>
<td>cucumber.framework.runner.siloam.ttddigital.TandaTanganDigitalOutlineRunner@68c9133c</td></tr>
<tr>
<td title='cucumber.framework.runner.siloam.ttddigital.TandaTanganDigitalOutlineRunner.runScenario()'><b>runScenario</b><br>Test class: cucumber.framework.runner.siloam.ttddigital.TandaTanganDigitalOutlineRunner<br>Test method: Runs Cucumber Scenarios<br>Parameters: "Siloam115 Sales Update Data Empat Kombinasi", "Update Data Sales Empat Kombinasi"</td>
<td></td>
<td>2</td>
<td>cucumber.framework.runner.siloam.ttddigital.TandaTanganDigitalOutlineRunner@68c9133c</td></tr>
<tr>
<td title='cucumber.framework.runner.siloam.ttddigital.TandaTanganDigitalOutlineRunner.runScenario()'><b>runScenario</b><br>Test class: cucumber.framework.runner.siloam.ttddigital.TandaTanganDigitalOutlineRunner<br>Test method: Runs Cucumber Scenarios<br>Parameters: "Siloam115 Sales Update Data Empat Kombinasi", "Update Data Sales Empat Kombinasi"</td>
<td></td>
<td>2</td>
<td>cucumber.framework.runner.siloam.ttddigital.TandaTanganDigitalOutlineRunner@68c9133c</td></tr>
<tr>
<td title='cucumber.framework.runner.siloam.ttddigital.TandaTanganDigitalOutlineRunner.runScenario()'><b>runScenario</b><br>Test class: cucumber.framework.runner.siloam.ttddigital.TandaTanganDigitalOutlineRunner<br>Test method: Runs Cucumber Scenarios<br>Parameters: "Siloam115 Sales Update Data Empat Kombinasi", "Update Data Sales Empat Kombinasi"</td>
<td></td>
<td>2</td>
<td>cucumber.framework.runner.siloam.ttddigital.TandaTanganDigitalOutlineRunner@68c9133c</td></tr>
<tr>
<td title='cucumber.framework.runner.siloam.ttddigital.TandaTanganDigitalOutlineRunner.runScenario()'><b>runScenario</b><br>Test class: cucumber.framework.runner.siloam.ttddigital.TandaTanganDigitalOutlineRunner<br>Test method: Runs Cucumber Scenarios<br>Parameters: "Siloam115 Sales Update Data Empat Kombinasi", "Update Data Sales Empat Kombinasi"</td>
<td></td>
<td>4</td>
<td>cucumber.framework.runner.siloam.ttddigital.TandaTanganDigitalOutlineRunner@68c9133c</td></tr>
<tr>
<td title='cucumber.framework.runner.siloam.ttddigital.TandaTanganDigitalOutlineRunner.runScenario()'><b>runScenario</b><br>Test class: cucumber.framework.runner.siloam.ttddigital.TandaTanganDigitalOutlineRunner<br>Test method: Runs Cucumber Scenarios<br>Parameters: "Siloam115 Sales Update Data Empat Kombinasi", "Update Data Sales Empat Kombinasi"</td>
<td></td>
<td>1</td>
<td>cucumber.framework.runner.siloam.ttddigital.TandaTanganDigitalOutlineRunner@68c9133c</td></tr>
<tr>
<td title='cucumber.framework.runner.siloam.ttddigital.TandaTanganDigitalOutlineRunner.runScenario()'><b>runScenario</b><br>Test class: cucumber.framework.runner.siloam.ttddigital.TandaTanganDigitalOutlineRunner<br>Test method: Runs Cucumber Scenarios<br>Parameters: "Siloam115 Sales Update Data Empat Kombinasi", "Update Data Sales Empat Kombinasi"</td>
<td></td>
<td>2</td>
<td>cucumber.framework.runner.siloam.ttddigital.TandaTanganDigitalOutlineRunner@68c9133c</td></tr>
<tr>
<td title='cucumber.framework.runner.siloam.ttddigital.TandaTanganDigitalOutlineRunner.runScenario()'><b>runScenario</b><br>Test class: cucumber.framework.runner.siloam.ttddigital.TandaTanganDigitalOutlineRunner<br>Test method: Runs Cucumber Scenarios<br>Parameters: "Siloam115 Sales Update Data Empat Kombinasi", "Update Data Sales Empat Kombinasi"</td>
<td></td>
<td>2</td>
<td>cucumber.framework.runner.siloam.ttddigital.TandaTanganDigitalOutlineRunner@68c9133c</td></tr>
<tr>
<td title='cucumber.framework.runner.siloam.ttddigital.TandaTanganDigitalOutlineRunner.runScenario()'><b>runScenario</b><br>Test class: cucumber.framework.runner.siloam.ttddigital.TandaTanganDigitalOutlineRunner<br>Test method: Runs Cucumber Scenarios<br>Parameters: "Siloam115 Sales Update Data Empat Kombinasi", "Update Data Sales Empat Kombinasi"</td>
<td></td>
<td>2</td>
<td>cucumber.framework.runner.siloam.ttddigital.TandaTanganDigitalOutlineRunner@68c9133c</td></tr>
<tr>
<td title='cucumber.framework.runner.siloam.ttddigital.TandaTanganDigitalOutlineRunner.runScenario()'><b>runScenario</b><br>Test class: cucumber.framework.runner.siloam.ttddigital.TandaTanganDigitalOutlineRunner<br>Test method: Runs Cucumber Scenarios<br>Parameters: "Siloam115 Sales Update Data Empat Kombinasi", "Update Data Sales Empat Kombinasi"</td>
<td></td>
<td>4</td>
<td>cucumber.framework.runner.siloam.ttddigital.TandaTanganDigitalOutlineRunner@68c9133c</td></tr>
<tr>
<td title='cucumber.framework.runner.siloam.ttddigital.TandaTanganDigitalOutlineRunner.runScenario()'><b>runScenario</b><br>Test class: cucumber.framework.runner.siloam.ttddigital.TandaTanganDigitalOutlineRunner<br>Test method: Runs Cucumber Scenarios<br>Parameters: "Siloam115 Sales Update Data Empat Kombinasi", "Update Data Sales Empat Kombinasi"</td>
<td></td>
<td>2</td>
<td>cucumber.framework.runner.siloam.ttddigital.TandaTanganDigitalOutlineRunner@68c9133c</td></tr>
<tr>
<td title='cucumber.framework.runner.siloam.ttddigital.TandaTanganDigitalOutlineRunner.runScenario()'><b>runScenario</b><br>Test class: cucumber.framework.runner.siloam.ttddigital.TandaTanganDigitalOutlineRunner<br>Test method: Runs Cucumber Scenarios<br>Parameters: "Siloam115 Sales Update Data Empat Kombinasi", "Update Data Sales Empat Kombinasi"</td>
<td></td>
<td>3</td>
<td>cucumber.framework.runner.siloam.ttddigital.TandaTanganDigitalOutlineRunner@68c9133c</td></tr>
<tr>
<td title='cucumber.framework.runner.siloam.ttddigital.TandaTanganDigitalOutlineRunner.runScenario()'><b>runScenario</b><br>Test class: cucumber.framework.runner.siloam.ttddigital.TandaTanganDigitalOutlineRunner<br>Test method: Runs Cucumber Scenarios<br>Parameters: "Siloam115 Sales Update Data Empat Kombinasi", "Update Data Sales Empat Kombinasi"</td>
<td></td>
<td>2</td>
<td>cucumber.framework.runner.siloam.ttddigital.TandaTanganDigitalOutlineRunner@68c9133c</td></tr>
<tr>
<td title='cucumber.framework.runner.siloam.ttddigital.TandaTanganDigitalOutlineRunner.runScenario()'><b>runScenario</b><br>Test class: cucumber.framework.runner.siloam.ttddigital.TandaTanganDigitalOutlineRunner<br>Test method: Runs Cucumber Scenarios<br>Parameters: "Siloam115 Sales Update Data Empat Kombinasi", "Update Data Sales Empat Kombinasi"</td>
<td></td>
<td>2</td>
<td>cucumber.framework.runner.siloam.ttddigital.TandaTanganDigitalOutlineRunner@68c9133c</td></tr>
<tr>
<td title='cucumber.framework.runner.siloam.ttddigital.TandaTanganDigitalOutlineRunner.runScenario()'><b>runScenario</b><br>Test class: cucumber.framework.runner.siloam.ttddigital.TandaTanganDigitalOutlineRunner<br>Test method: Runs Cucumber Scenarios<br>Parameters: "Siloam115 Sales Update Data Empat Kombinasi", "Update Data Sales Empat Kombinasi"</td>
<td></td>
<td>2</td>
<td>cucumber.framework.runner.siloam.ttddigital.TandaTanganDigitalOutlineRunner@68c9133c</td></tr>
<tr>
<td title='cucumber.framework.runner.siloam.ttddigital.TandaTanganDigitalOutlineRunner.runScenario()'><b>runScenario</b><br>Test class: cucumber.framework.runner.siloam.ttddigital.TandaTanganDigitalOutlineRunner<br>Test method: Runs Cucumber Scenarios<br>Parameters: "Siloam115 Sales Update Data Empat Kombinasi", "Update Data Sales Empat Kombinasi"</td>
<td></td>
<td>2</td>
<td>cucumber.framework.runner.siloam.ttddigital.TandaTanganDigitalOutlineRunner@68c9133c</td></tr>
<tr>
<td title='cucumber.framework.runner.siloam.ttddigital.TandaTanganDigitalOutlineRunner.runScenario()'><b>runScenario</b><br>Test class: cucumber.framework.runner.siloam.ttddigital.TandaTanganDigitalOutlineRunner<br>Test method: Runs Cucumber Scenarios<br>Parameters: "Siloam115 Sales Update Data Empat Kombinasi", "Update Data Sales Empat Kombinasi"</td>
<td></td>
<td>2</td>
<td>cucumber.framework.runner.siloam.ttddigital.TandaTanganDigitalOutlineRunner@68c9133c</td></tr>
<tr>
<td title='cucumber.framework.runner.siloam.ttddigital.TandaTanganDigitalOutlineRunner.runScenario()'><b>runScenario</b><br>Test class: cucumber.framework.runner.siloam.ttddigital.TandaTanganDigitalOutlineRunner<br>Test method: Runs Cucumber Scenarios<br>Parameters: "Siloam115 Sales Update Data Empat Kombinasi", "Update Data Sales Empat Kombinasi"</td>
<td></td>
<td>2</td>
<td>cucumber.framework.runner.siloam.ttddigital.TandaTanganDigitalOutlineRunner@68c9133c</td></tr>
<tr>
<td title='cucumber.framework.runner.siloam.ttddigital.TandaTanganDigitalOutlineRunner.runScenario()'><b>runScenario</b><br>Test class: cucumber.framework.runner.siloam.ttddigital.TandaTanganDigitalOutlineRunner<br>Test method: Runs Cucumber Scenarios<br>Parameters: "Siloam115 Sales Update Data Empat Kombinasi", "Update Data Sales Empat Kombinasi"</td>
<td></td>
<td>1</td>
<td>cucumber.framework.runner.siloam.ttddigital.TandaTanganDigitalOutlineRunner@68c9133c</td></tr>
<tr>
<td title='cucumber.framework.runner.siloam.ttddigital.TandaTanganDigitalOutlineRunner.runScenario()'><b>runScenario</b><br>Test class: cucumber.framework.runner.siloam.ttddigital.TandaTanganDigitalOutlineRunner<br>Test method: Runs Cucumber Scenarios<br>Parameters: "Siloam115 Sales Update Data Empat Kombinasi", "Update Data Sales Empat Kombinasi"</td>
<td></td>
<td>2</td>
<td>cucumber.framework.runner.siloam.ttddigital.TandaTanganDigitalOutlineRunner@68c9133c</td></tr>
<tr>
<td title='cucumber.framework.runner.siloam.ttddigital.TandaTanganDigitalOutlineRunner.runScenario()'><b>runScenario</b><br>Test class: cucumber.framework.runner.siloam.ttddigital.TandaTanganDigitalOutlineRunner<br>Test method: Runs Cucumber Scenarios<br>Parameters: "Siloam115 Sales Login", "Update Data Sales Empat Kombinasi"</td>
<td></td>
<td>7</td>
<td>cucumber.framework.runner.siloam.ttddigital.TandaTanganDigitalOutlineRunner@68c9133c</td></tr>
<tr>
<td title='cucumber.framework.runner.siloam.ttddigital.TandaTanganDigitalOutlineRunner.runScenario()'><b>runScenario</b><br>Test class: cucumber.framework.runner.siloam.ttddigital.TandaTanganDigitalOutlineRunner<br>Test method: Runs Cucumber Scenarios<br>Parameters: "Siloam115 Sales Update Data Empat Kombinasi", "Update Data Sales Empat Kombinasi"</td>
<td></td>
<td>2</td>
<td>cucumber.framework.runner.siloam.ttddigital.TandaTanganDigitalOutlineRunner@68c9133c</td></tr>
</table><p>
</body>
</html>